TN:
SF:src\App.tsx
FN:15,App
FNF:1
FNH:0
FNDA:0,App
DA:1,0
DA:2,0
DA:3,0
DA:4,0
DA:5,0
DA:6,0
DA:7,0
DA:8,0
DA:9,0
DA:10,0
DA:11,0
DA:12,0
DA:13,0
DA:16,0
DA:52,0
LF:15
LH:0
BRF:0
BRH:0
end_of_record
TN:
SF:src\components\EditableTable.tsx
FN:15,(anonymous_0)
FN:26,(anonymous_1)
FN:40,(anonymous_2)
FN:43,(anonymous_3)
FN:72,(anonymous_4)
FN:75,(anonymous_5)
FN:99,(anonymous_6)
FN:128,(anonymous_7)
FN:134,(anonymous_8)
FN:157,(anonymous_9)
FN:187,(anonymous_10)
FN:193,(anonymous_11)
FN:197,(anonymous_12)
FN:209,(anonymous_13)
FN:223,(anonymous_14)
FN:225,(anonymous_15)
FN:240,(anonymous_16)
FN:246,(anonymous_17)
FN:251,(anonymous_18)
FN:267,(anonymous_19)
FN:273,(anonymous_20)
FN:290,(anonymous_21)
FN:291,(anonymous_22)
FN:309,(anonymous_23)
FN:322,(anonymous_24)
FN:331,(anonymous_25)
FN:335,(anonymous_26)
FN:352,(anonymous_27)
FN:355,(anonymous_28)
FN:373,(anonymous_29)
FN:376,(anonymous_30)
FN:382,(anonymous_31)
FN:385,(anonymous_32)
FN:386,(anonymous_33)
FN:394,(anonymous_34)
FN:403,(anonymous_35)
FN:407,(anonymous_36)
FN:417,(anonymous_37)
FN:422,(anonymous_38)
FN:449,(anonymous_39)
FN:455,(anonymous_40)
FN:456,(anonymous_41)
FN:469,(anonymous_42)
FN:480,(anonymous_43)
FN:487,(anonymous_44)
FN:494,(anonymous_45)
FN:501,(anonymous_46)
FN:517,(anonymous_47)
FN:525,(anonymous_48)
FN:530,(anonymous_49)
FN:540,(anonymous_50)
FN:546,(anonymous_51)
FN:547,(anonymous_52)
FN:549,(anonymous_53)
FN:555,(anonymous_54)
FN:566,(anonymous_55)
FN:572,(anonymous_56)
FN:583,(anonymous_57)
FN:594,(anonymous_58)
FN:600,(anonymous_59)
FNF:60
FNH:0
FNDA:0,(anonymous_0)
FNDA:0,(anonymous_1)
FNDA:0,(anonymous_2)
FNDA:0,(anonymous_3)
FNDA:0,(anonymous_4)
FNDA:0,(anonymous_5)
FNDA:0,(anonymous_6)
FNDA:0,(anonymous_7)
FNDA:0,(anonymous_8)
FNDA:0,(anonymous_9)
FNDA:0,(anonymous_10)
FNDA:0,(anonymous_11)
FNDA:0,(anonymous_12)
FNDA:0,(anonymous_13)
FNDA:0,(anonymous_14)
FNDA:0,(anonymous_15)
FNDA:0,(anonymous_16)
FNDA:0,(anonymous_17)
FNDA:0,(anonymous_18)
FNDA:0,(anonymous_19)
FNDA:0,(anonymous_20)
FNDA:0,(anonymous_21)
FNDA:0,(anonymous_22)
FNDA:0,(anonymous_23)
FNDA:0,(anonymous_24)
FNDA:0,(anonymous_25)
FNDA:0,(anonymous_26)
FNDA:0,(anonymous_27)
FNDA:0,(anonymous_28)
FNDA:0,(anonymous_29)
FNDA:0,(anonymous_30)
FNDA:0,(anonymous_31)
FNDA:0,(anonymous_32)
FNDA:0,(anonymous_33)
FNDA:0,(anonymous_34)
FNDA:0,(anonymous_35)
FNDA:0,(anonymous_36)
FNDA:0,(anonymous_37)
FNDA:0,(anonymous_38)
FNDA:0,(anonymous_39)
FNDA:0,(anonymous_40)
FNDA:0,(anonymous_41)
FNDA:0,(anonymous_42)
FNDA:0,(anonymous_43)
FNDA:0,(anonymous_44)
FNDA:0,(anonymous_45)
FNDA:0,(anonymous_46)
FNDA:0,(anonymous_47)
FNDA:0,(anonymous_48)
FNDA:0,(anonymous_49)
FNDA:0,(anonymous_50)
FNDA:0,(anonymous_51)
FNDA:0,(anonymous_52)
FNDA:0,(anonymous_53)
FNDA:0,(anonymous_54)
FNDA:0,(anonymous_55)
FNDA:0,(anonymous_56)
FNDA:0,(anonymous_57)
FNDA:0,(anonymous_58)
FNDA:0,(anonymous_59)
DA:1,0
DA:2,0
DA:15,0
DA:16,0
DA:17,0
DA:18,0
DA:19,0
DA:20,0
DA:21,0
DA:22,0
DA:23,0
DA:26,0
DA:27,0
DA:28,0
DA:29,0
DA:31,0
DA:33,0
DA:34,0
DA:37,0
DA:38,0
DA:39,0
DA:40,0
DA:41,0
DA:42,0
DA:43,0
DA:44,0
DA:45,0
DA:46,0
DA:47,0
DA:48,0
DA:49,0
DA:54,0
DA:55,0
DA:58,0
DA:64,0
DA:69,0
DA:70,0
DA:71,0
DA:72,0
DA:73,0
DA:74,0
DA:75,0
DA:76,0
DA:77,0
DA:78,0
DA:79,0
DA:80,0
DA:81,0
DA:86,0
DA:87,0
DA:90,0
DA:97,0
DA:98,0
DA:99,0
DA:100,0
DA:101,0
DA:102,0
DA:103,0
DA:104,0
DA:105,0
DA:110,0
DA:111,0
DA:114,0
DA:121,0
DA:126,0
DA:127,0
DA:128,0
DA:129,0
DA:130,0
DA:131,0
DA:134,0
DA:135,0
DA:136,0
DA:137,0
DA:138,0
DA:139,0
DA:140,0
DA:145,0
DA:146,0
DA:149,0
DA:157,0
DA:158,0
DA:159,0
DA:160,0
DA:161,0
DA:162,0
DA:163,0
DA:168,0
DA:169,0
DA:172,0
DA:179,0
DA:183,0
DA:187,0
DA:188,0
DA:190,0
DA:193,0
DA:195,0
DA:196,0
DA:197,0
DA:198,0
DA:199,0
DA:200,0
DA:202,0
DA:205,0
DA:206,0
DA:207,0
DA:208,0
DA:209,0
DA:210,0
DA:212,0
DA:213,0
DA:214,0
DA:216,0
DA:218,0
DA:222,0
DA:223,0
DA:224,0
DA:225,0
DA:226,0
DA:227,0
DA:228,0
DA:230,0
DA:232,0
DA:235,0
DA:236,0
DA:240,0
DA:241,0
DA:242,0
DA:246,0
DA:247,0
DA:251,0
DA:252,0
DA:254,0
DA:255,0
DA:260,0
DA:261,0
DA:262,0
DA:263,0
DA:267,0
DA:268,0
DA:269,0
DA:273,0
DA:274,0
DA:275,0
DA:276,0
DA:277,0
DA:280,0
DA:281,0
DA:282,0
DA:285,0
DA:290,0
DA:291,0
DA:292,0
DA:294,0
DA:295,0
DA:297,0
DA:299,0
DA:300,0
DA:306,0
DA:309,0
DA:310,0
DA:311,0
DA:312,0
DA:313,0
DA:317,0
DA:318,0
DA:319,0
DA:320,0
DA:322,0
DA:323,0
DA:324,0
DA:325,0
DA:331,0
DA:332,0
DA:334,0
DA:335,0
DA:340,0
DA:341,0
DA:342,0
DA:344,0
DA:347,0
DA:348,0
DA:352,0
DA:353,0
DA:355,0
DA:356,0
DA:361,0
DA:362,0
DA:364,0
DA:368,0
DA:369,0
DA:373,0
DA:374,0
DA:376,0
DA:377,0
DA:378,0
DA:382,0
DA:383,0
DA:385,0
DA:386,0
DA:389,0
DA:390,0
DA:394,0
DA:395,0
DA:396,0
DA:399,0
DA:400,0
DA:401,0
DA:402,0
DA:403,0
DA:407,0
DA:408,0
DA:409,0
DA:411,0
DA:412,0
DA:417,0
DA:418,0
DA:422,0
DA:423,0
DA:425,0
DA:426,0
DA:427,0
DA:428,0
DA:432,0
DA:433,0
DA:436,0
DA:439,0
DA:440,0
DA:442,0
DA:443,0
DA:444,0
DA:445,0
DA:449,0
DA:450,0
DA:451,0
DA:455,0
DA:456,0
DA:457,0
DA:458,0
DA:459,0
DA:460,0
DA:461,0
DA:462,0
DA:463,0
DA:468,0
DA:469,0
DA:472,0
DA:473,0
DA:476,0
DA:480,0
DA:487,0
DA:494,0
DA:501,0
DA:518,0
DA:525,0
DA:530,0
DA:541,0
DA:546,0
DA:547,0
DA:549,0
DA:556,0
DA:566,0
DA:572,0
DA:583,0
DA:595,0
DA:600,0
LF:266
LH:0
BRDA:31,0,0,0
BRDA:31,0,1,0
BRDA:38,1,0,0
BRDA:38,1,1,0
BRDA:46,2,0,0
BRDA:46,2,1,0
BRDA:48,3,0,0
BRDA:48,3,1,0
BRDA:54,4,0,0
BRDA:54,4,1,0
BRDA:59,5,0,0
BRDA:59,5,1,0
BRDA:64,6,0,0
BRDA:64,6,1,0
BRDA:70,7,0,0
BRDA:70,7,1,0
BRDA:78,8,0,0
BRDA:78,8,1,0
BRDA:80,9,0,0
BRDA:80,9,1,0
BRDA:86,10,0,0
BRDA:86,10,1,0
BRDA:86,11,0,0
BRDA:86,11,1,0
BRDA:91,12,0,0
BRDA:91,12,1,0
BRDA:97,13,0,0
BRDA:97,13,1,0
BRDA:102,14,0,0
BRDA:102,14,1,0
BRDA:104,15,0,0
BRDA:104,15,1,0
BRDA:110,16,0,0
BRDA:110,16,1,0
BRDA:110,17,0,0
BRDA:110,17,1,0
BRDA:115,18,0,0
BRDA:115,18,1,0
BRDA:121,19,0,0
BRDA:121,19,1,0
BRDA:126,20,0,0
BRDA:126,20,1,0
BRDA:137,21,0,0
BRDA:137,21,1,0
BRDA:139,22,0,0
BRDA:139,22,1,0
BRDA:145,23,0,0
BRDA:145,23,1,0
BRDA:145,24,0,0
BRDA:145,24,1,0
BRDA:150,25,0,0
BRDA:150,25,1,0
BRDA:160,26,0,0
BRDA:160,26,1,0
BRDA:162,27,0,0
BRDA:162,27,1,0
BRDA:168,28,0,0
BRDA:168,28,1,0
BRDA:168,29,0,0
BRDA:168,29,1,0
BRDA:173,30,0,0
BRDA:173,30,1,0
BRDA:179,31,0,0
BRDA:179,31,1,0
BRDA:188,32,0,0
BRDA:188,32,1,0
BRDA:193,33,0,0
BRDA:193,33,1,0
BRDA:195,34,0,0
BRDA:195,34,1,0
BRDA:198,35,0,0
BRDA:198,35,1,0
BRDA:199,36,0,0
BRDA:199,36,1,0
BRDA:205,37,0,0
BRDA:205,37,1,0
BRDA:210,38,0,0
BRDA:210,38,1,0
BRDA:212,39,0,0
BRDA:212,39,1,0
BRDA:213,40,0,0
BRDA:213,40,1,0
BRDA:226,41,0,0
BRDA:226,41,1,0
BRDA:227,42,0,0
BRDA:227,42,1,0
BRDA:252,43,0,0
BRDA:252,43,1,0
BRDA:281,44,0,0
BRDA:281,44,1,0
BRDA:281,45,0,0
BRDA:281,45,1,0
BRDA:292,46,0,0
BRDA:292,46,1,0
BRDA:310,47,0,0
BRDA:310,47,1,0
BRDA:317,48,0,0
BRDA:317,48,1,0
BRDA:331,49,0,0
BRDA:332,50,0,0
BRDA:332,50,1,0
BRDA:341,51,0,0
BRDA:341,51,1,0
BRDA:352,52,0,0
BRDA:353,53,0,0
BRDA:353,53,1,0
BRDA:358,54,0,0
BRDA:358,54,1,0
BRDA:361,55,0,0
BRDA:361,55,1,0
BRDA:374,56,0,0
BRDA:374,56,1,0
BRDA:383,57,0,0
BRDA:383,57,1,0
BRDA:383,58,0,0
BRDA:383,58,1,0
BRDA:411,59,0,0
BRDA:411,59,1,0
BRDA:411,60,0,0
BRDA:411,60,1,0
BRDA:425,61,0,0
BRDA:425,61,1,0
BRDA:425,62,0,0
BRDA:425,62,1,0
BRDA:439,63,0,0
BRDA:439,63,1,0
BRDA:457,64,0,0
BRDA:457,64,1,0
BRDA:458,65,0,0
BRDA:458,65,1,0
BRDA:461,66,0,0
BRDA:461,66,1,0
BRDA:472,67,0,0
BRDA:472,67,1,0
BRDA:514,68,0,0
BRDA:514,68,1,0
BRDA:521,69,0,0
BRDA:521,69,1,0
BRDA:543,70,0,0
BRDA:543,70,1,0
BRDA:544,71,0,0
BRDA:544,71,1,0
BRDA:558,72,0,0
BRDA:558,72,1,0
BRDA:561,73,0,0
BRDA:561,73,1,0
BRDA:561,74,0,0
BRDA:561,74,1,0
BRDA:565,75,0,0
BRDA:565,75,1,0
BRDA:568,76,0,0
BRDA:568,76,1,0
BRDA:568,77,0,0
BRDA:568,77,1,0
BRF:154
BRH:0
end_of_record
TN:
SF:src\components\Layout.tsx
FN:8,(anonymous_9)
FN:21,(anonymous_10)
FN:22,(anonymous_11)
FN:34,(anonymous_12)
FN:46,(anonymous_13)
FN:55,(anonymous_14)
FN:64,(anonymous_15)
FN:73,(anonymous_16)
FN:90,(anonymous_17)
FN:93,(anonymous_18)
FN:97,(anonymous_19)
FN:107,(anonymous_20)
FN:127,(anonymous_21)
FN:132,(anonymous_22)
FN:133,(anonymous_23)
FN:143,(anonymous_24)
FN:148,(anonymous_25)
FN:153,(anonymous_26)
FN:156,(anonymous_27)
FN:176,(anonymous_28)
FN:177,(anonymous_29)
FN:180,(anonymous_30)
FN:182,(anonymous_31)
FN:189,(anonymous_32)
FN:213,(anonymous_33)
FN:216,(anonymous_34)
FN:257,(anonymous_35)
FN:289,(anonymous_36)
FNF:28
FNH:0
FNDA:0,(anonymous_9)
FNDA:0,(anonymous_10)
FNDA:0,(anonymous_11)
FNDA:0,(anonymous_12)
FNDA:0,(anonymous_13)
FNDA:0,(anonymous_14)
FNDA:0,(anonymous_15)
FNDA:0,(anonymous_16)
FNDA:0,(anonymous_17)
FNDA:0,(anonymous_18)
FNDA:0,(anonymous_19)
FNDA:0,(anonymous_20)
FNDA:0,(anonymous_21)
FNDA:0,(anonymous_22)
FNDA:0,(anonymous_23)
FNDA:0,(anonymous_24)
FNDA:0,(anonymous_25)
FNDA:0,(anonymous_26)
FNDA:0,(anonymous_27)
FNDA:0,(anonymous_28)
FNDA:0,(anonymous_29)
FNDA:0,(anonymous_30)
FNDA:0,(anonymous_31)
FNDA:0,(anonymous_32)
FNDA:0,(anonymous_33)
FNDA:0,(anonymous_34)
FNDA:0,(anonymous_35)
FNDA:0,(anonymous_36)
DA:1,0
DA:2,0
DA:3,0
DA:4,0
DA:5,0
DA:6,0
DA:8,0
DA:9,0
DA:10,0
DA:11,0
DA:12,0
DA:13,0
DA:14,0
DA:15,0
DA:17,0
DA:18,0
DA:21,0
DA:22,0
DA:23,0
DA:24,0
DA:25,0
DA:28,0
DA:29,0
DA:30,0
DA:31,0
DA:34,0
DA:37,0
DA:45,0
DA:46,0
DA:47,0
DA:48,0
DA:54,0
DA:55,0
DA:56,0
DA:57,0
DA:63,0
DA:64,0
DA:65,0
DA:66,0
DA:72,0
DA:73,0
DA:74,0
DA:75,0
DA:80,0
DA:82,0
DA:84,0
DA:89,0
DA:90,0
DA:93,0
DA:94,0
DA:97,0
DA:98,0
DA:99,0
DA:101,0
DA:102,0
DA:103,0
DA:107,0
DA:109,0
DA:111,0
DA:112,0
DA:114,0
DA:115,0
DA:117,0
DA:118,0
DA:120,0
DA:121,0
DA:123,0
DA:124,0
DA:127,0
DA:128,0
DA:132,0
DA:133,0
DA:134,0
DA:135,0
DA:137,0
DA:138,0
DA:142,0
DA:143,0
DA:144,0
DA:148,0
DA:149,0
DA:150,0
DA:153,0
DA:154,0
DA:156,0
DA:162,0
DA:176,0
DA:178,0
DA:182,0
DA:190,0
DA:191,0
DA:214,0
DA:216,0
DA:257,0
DA:290,0
LF:95
LH:0
BRDA:23,0,0,0
BRDA:23,0,1,0
BRDA:45,1,0,0
BRDA:45,1,1,0
BRDA:47,2,0,0
BRDA:47,2,1,0
BRDA:47,3,0,0
BRDA:47,3,1,0
BRDA:48,4,0,0
BRDA:48,4,1,0
BRDA:54,5,0,0
BRDA:54,5,1,0
BRDA:56,6,0,0
BRDA:56,6,1,0
BRDA:63,7,0,0
BRDA:63,7,1,0
BRDA:65,8,0,0
BRDA:65,8,1,0
BRDA:65,9,0,0
BRDA:65,9,1,0
BRDA:72,10,0,0
BRDA:72,10,1,0
BRDA:74,11,0,0
BRDA:74,11,1,0
BRDA:74,12,0,0
BRDA:74,12,1,0
BRDA:99,13,0,0
BRDA:99,13,1,0
BRDA:109,14,0,0
BRDA:109,14,1,0
BRDA:109,14,2,0
BRDA:109,14,3,0
BRDA:134,15,0,0
BRDA:134,15,1,0
BRDA:134,16,0,0
BRDA:134,16,1,0
BRDA:137,17,0,0
BRDA:137,17,1,0
BRDA:137,18,0,0
BRDA:137,18,1,0
BRDA:178,19,0,0
BRDA:178,19,1,0
BRDA:186,20,0,0
BRDA:186,20,1,0
BRDA:202,21,0,0
BRDA:202,21,1,0
BRDA:202,21,2,0
BRDA:202,21,3,0
BRDA:204,22,0,0
BRDA:204,22,1,0
BRDA:208,23,0,0
BRDA:208,23,1,0
BRDA:224,24,0,0
BRDA:224,24,1,0
BRDA:225,25,0,0
BRDA:225,25,1,0
BRDA:226,26,0,0
BRDA:226,26,1,0
BRDA:229,27,0,0
BRDA:229,27,1,0
BRDA:230,28,0,0
BRDA:230,28,1,0
BRDA:231,29,0,0
BRDA:231,29,1,0
BRDA:261,30,0,0
BRDA:261,30,1,0
BRDA:263,31,0,0
BRDA:263,31,1,0
BRDA:267,32,0,0
BRDA:267,32,1,0
BRDA:273,33,0,0
BRDA:273,33,1,0
BRDA:277,34,0,0
BRDA:277,34,1,0
BRDA:280,35,0,0
BRDA:280,35,1,0
BRF:76
BRH:0
end_of_record
TN:
SF:src\components\PrivateRoute.tsx
FN:9,(anonymous_0)
FNF:1
FNH:0
FNDA:0,(anonymous_0)
DA:1,0
DA:2,0
DA:3,0
DA:9,0
DA:10,0
DA:11,0
DA:14,0
DA:15,0
DA:26,0
DA:28,0
DA:32,0
LF:11
LH:0
BRDA:14,0,0,0
BRDA:14,0,1,0
BRDA:26,1,0,0
BRDA:26,1,1,0
BRF:4
BRH:0
end_of_record
TN:
SF:src\components\RichTextEditor.tsx
FN:32,(anonymous_0)
FN:55,(anonymous_1)
FN:84,(anonymous_2)
FN:98,(anonymous_3)
FN:111,(anonymous_4)
FN:113,(anonymous_5)
FN:119,(anonymous_6)
FN:140,(anonymous_7)
FN:154,(anonymous_8)
FN:160,(anonymous_9)
FN:183,(anonymous_10)
FN:188,(anonymous_11)
FN:229,(anonymous_12)
FN:236,(anonymous_13)
FN:245,(anonymous_14)
FN:259,(anonymous_15)
FN:273,(anonymous_16)
FN:306,(anonymous_17)
FN:311,(anonymous_18)
FN:316,(anonymous_19)
FN:321,(anonymous_20)
FN:327,(anonymous_21)
FN:332,(anonymous_22)
FN:337,(anonymous_23)
FN:343,(anonymous_24)
FN:348,(anonymous_25)
FN:353,(anonymous_26)
FN:359,(anonymous_27)
FN:364,(anonymous_28)
FN:369,(anonymous_29)
FN:374,(anonymous_30)
FN:382,(anonymous_31)
FN:412,(anonymous_32)
FN:419,(anonymous_33)
FN:431,(anonymous_34)
FN:452,(anonymous_35)
FN:464,(anonymous_36)
FN:484,(anonymous_37)
FN:496,(anonymous_38)
FN:521,(anonymous_39)
FN:532,(anonymous_40)
FN:545,(anonymous_41)
FN:569,(anonymous_42)
FN:577,(anonymous_43)
FN:588,(anonymous_44)
FN:589,(anonymous_45)
FN:601,(anonymous_46)
FN:602,(anonymous_47)
FN:613,(anonymous_48)
FN:625,(anonymous_49)
FN:631,(anonymous_50)
FNF:51
FNH:0
FNDA:0,(anonymous_0)
FNDA:0,(anonymous_1)
FNDA:0,(anonymous_2)
FNDA:0,(anonymous_3)
FNDA:0,(anonymous_4)
FNDA:0,(anonymous_5)
FNDA:0,(anonymous_6)
FNDA:0,(anonymous_7)
FNDA:0,(anonymous_8)
FNDA:0,(anonymous_9)
FNDA:0,(anonymous_10)
FNDA:0,(anonymous_11)
FNDA:0,(anonymous_12)
FNDA:0,(anonymous_13)
FNDA:0,(anonymous_14)
FNDA:0,(anonymous_15)
FNDA:0,(anonymous_16)
FNDA:0,(anonymous_17)
FNDA:0,(anonymous_18)
FNDA:0,(anonymous_19)
FNDA:0,(anonymous_20)
FNDA:0,(anonymous_21)
FNDA:0,(anonymous_22)
FNDA:0,(anonymous_23)
FNDA:0,(anonymous_24)
FNDA:0,(anonymous_25)
FNDA:0,(anonymous_26)
FNDA:0,(anonymous_27)
FNDA:0,(anonymous_28)
FNDA:0,(anonymous_29)
FNDA:0,(anonymous_30)
FNDA:0,(anonymous_31)
FNDA:0,(anonymous_32)
FNDA:0,(anonymous_33)
FNDA:0,(anonymous_34)
FNDA:0,(anonymous_35)
FNDA:0,(anonymous_36)
FNDA:0,(anonymous_37)
FNDA:0,(anonymous_38)
FNDA:0,(anonymous_39)
FNDA:0,(anonymous_40)
FNDA:0,(anonymous_41)
FNDA:0,(anonymous_42)
FNDA:0,(anonymous_43)
FNDA:0,(anonymous_44)
FNDA:0,(anonymous_45)
FNDA:0,(anonymous_46)
FNDA:0,(anonymous_47)
FNDA:0,(anonymous_48)
FNDA:0,(anonymous_49)
FNDA:0,(anonymous_50)
DA:1,0
DA:2,0
DA:21,0
DA:22,0
DA:32,0
DA:33,0
DA:34,0
DA:35,0
DA:36,0
DA:38,0
DA:55,0
DA:84,0
DA:85,0
DA:86,0
DA:87,0
DA:88,0
DA:89,0
DA:90,0
DA:91,0
DA:92,0
DA:94,0
DA:95,0
DA:98,0
DA:99,0
DA:102,0
DA:105,0
DA:106,0
DA:107,0
DA:111,0
DA:112,0
DA:113,0
DA:114,0
DA:119,0
DA:120,0
DA:121,0
DA:122,0
DA:124,0
DA:125,0
DA:126,0
DA:129,0
DA:134,0
DA:136,0
DA:140,0
DA:141,0
DA:142,0
DA:144,0
DA:145,0
DA:147,0
DA:148,0
DA:150,0
DA:154,0
DA:155,0
DA:156,0
DA:160,0
DA:161,0
DA:162,0
DA:163,0
DA:164,0
DA:165,0
DA:167,0
DA:168,0
DA:170,0
DA:171,0
DA:172,0
DA:173,0
DA:174,0
DA:176,0
DA:177,0
DA:183,0
DA:184,0
DA:185,0
DA:188,0
DA:190,0
DA:191,0
DA:193,0
DA:194,0
DA:195,0
DA:196,0
DA:197,0
DA:200,0
DA:203,0
DA:204,0
DA:207,0
DA:208,0
DA:211,0
DA:212,0
DA:213,0
DA:215,0
DA:216,0
DA:218,0
DA:219,0
DA:221,0
DA:222,0
DA:226,0
DA:229,0
DA:230,0
DA:231,0
DA:232,0
DA:236,0
DA:237,0
DA:238,0
DA:239,0
DA:240,0
DA:241,0
DA:245,0
DA:246,0
DA:247,0
DA:248,0
DA:249,0
DA:250,0
DA:251,0
DA:252,0
DA:254,0
DA:259,0
DA:260,0
DA:261,0
DA:262,0
DA:263,0
DA:264,0
DA:265,0
DA:266,0
DA:268,0
DA:273,0
DA:274,0
DA:277,0
DA:278,0
DA:279,0
DA:281,0
DA:284,0
DA:285,0
DA:286,0
DA:287,0
DA:288,0
DA:290,0
DA:292,0
DA:294,0
DA:295,0
DA:296,0
DA:297,0
DA:302,0
DA:306,0
DA:311,0
DA:316,0
DA:321,0
DA:327,0
DA:332,0
DA:337,0
DA:343,0
DA:348,0
DA:353,0
DA:359,0
DA:364,0
DA:369,0
DA:374,0
DA:378,0
DA:383,0
DA:384,0
DA:387,0
DA:388,0
DA:412,0
DA:419,0
DA:432,0
DA:433,0
DA:434,0
DA:452,0
DA:465,0
DA:466,0
DA:484,0
DA:497,0
DA:498,0
DA:521,0
DA:533,0
DA:534,0
DA:546,0
DA:547,0
DA:548,0
DA:570,0
DA:571,0
DA:572,0
DA:573,0
DA:575,0
DA:579,0
DA:581,0
DA:582,0
DA:583,0
DA:588,0
DA:589,0
DA:594,0
DA:595,0
DA:596,0
DA:601,0
DA:602,0
DA:607,0
DA:608,0
DA:609,0
DA:613,0
DA:620,0
DA:622,0
DA:626,0
DA:627,0
DA:632,0
DA:635,0
DA:638,0
DA:639,0
DA:640,0
DA:641,0
DA:643,0
DA:644,0
DA:645,0
DA:647,0
DA:651,0
DA:653,0
DA:654,0
DA:655,0
DA:656,0
DA:657,0
DA:658,0
DA:662,0
DA:663,0
DA:664,0
DA:665,0
DA:666,0
DA:667,0
DA:668,0
DA:669,0
DA:674,0
LF:226
LH:0
BRDA:34,0,0,0
BRDA:34,0,1,0
BRDA:35,1,0,0
BRDA:35,1,1,0
BRDA:36,2,0,0
BRDA:36,2,1,0
BRDA:99,3,0,0
BRDA:99,3,1,0
BRDA:124,4,0,0
BRDA:124,4,1,0
BRDA:125,5,0,0
BRDA:125,5,1,0
BRDA:126,6,0,0
BRDA:126,6,1,0
BRDA:141,7,0,0
BRDA:141,7,1,0
BRDA:144,8,0,0
BRDA:144,8,1,0
BRDA:147,9,0,0
BRDA:147,9,1,0
BRDA:161,10,0,0
BRDA:161,10,1,0
BRDA:163,11,0,0
BRDA:163,11,1,0
BRDA:163,12,0,0
BRDA:163,12,1,0
BRDA:170,13,0,0
BRDA:170,13,1,0
BRDA:172,14,0,0
BRDA:172,14,1,0
BRDA:172,15,0,0
BRDA:172,15,1,0
BRDA:188,16,0,0
BRDA:188,17,0,0
BRDA:191,18,0,0
BRDA:191,18,1,0
BRDA:197,19,0,0
BRDA:197,19,1,0
BRDA:215,20,0,0
BRDA:215,20,1,0
BRDA:218,21,0,0
BRDA:218,21,1,0
BRDA:221,22,0,0
BRDA:221,22,1,0
BRDA:237,23,0,0
BRDA:237,23,1,0
BRDA:237,24,0,0
BRDA:237,24,1,0
BRDA:246,25,0,0
BRDA:246,25,1,0
BRDA:248,26,0,0
BRDA:248,26,1,0
BRDA:260,27,0,0
BRDA:260,27,1,0
BRDA:262,28,0,0
BRDA:262,28,1,0
BRDA:383,29,0,0
BRDA:383,29,1,0
BRDA:406,30,0,0
BRDA:406,30,1,0
BRDA:446,31,0,0
BRDA:446,31,1,0
BRDA:478,32,0,0
BRDA:478,32,1,0
BRDA:510,33,0,0
BRDA:510,33,1,0
BRDA:521,34,0,0
BRDA:521,34,1,0
BRDA:533,35,0,0
BRDA:533,35,1,0
BRDA:581,36,0,0
BRDA:581,36,1,0
BRDA:581,37,0,0
BRDA:581,37,1,0
BRDA:594,38,0,0
BRDA:594,38,1,0
BRDA:594,39,0,0
BRDA:594,39,1,0
BRDA:607,40,0,0
BRDA:607,40,1,0
BRDA:607,41,0,0
BRDA:607,41,1,0
BRDA:626,42,0,0
BRDA:626,42,1,0
BRDA:644,43,0,0
BRDA:644,43,1,0
BRDA:653,44,0,0
BRDA:653,44,1,0
BRDA:653,45,0,0
BRDA:653,45,1,0
BRDA:655,46,0,0
BRDA:655,46,1,0
BRDA:655,47,0,0
BRDA:655,47,1,0
BRDA:657,48,0,0
BRDA:657,48,1,0
BRDA:657,49,0,0
BRDA:657,49,1,0
BRDA:662,50,0,0
BRDA:662,50,1,0
BRDA:662,51,0,0
BRDA:662,51,1,0
BRDA:664,52,0,0
BRDA:664,52,1,0
BRDA:664,53,0,0
BRDA:664,53,1,0
BRDA:666,54,0,0
BRDA:666,54,1,0
BRDA:666,55,0,0
BRDA:666,55,1,0
BRDA:668,56,0,0
BRDA:668,56,1,0
BRDA:668,57,0,0
BRDA:668,57,1,0
BRDA:676,58,0,0
BRDA:676,58,1,0
BRDA:680,59,0,0
BRDA:680,59,1,0
BRF:118
BRH:0
end_of_record
TN:
SF:src\components\Sidebar.tsx
FN:7,(anonymous_0)
FN:12,(anonymous_1)
FN:45,(anonymous_2)
FN:52,(anonymous_3)
FN:60,(anonymous_4)
FN:61,(anonymous_5)
FN:64,(anonymous_6)
FN:75,(anonymous_7)
FN:114,(anonymous_8)
FN:119,(anonymous_9)
FN:134,(anonymous_10)
FN:138,(anonymous_11)
FN:161,(anonymous_12)
FN:166,(anonymous_13)
FN:222,(anonymous_14)
FN:225,(anonymous_15)
FNF:16
FNH:0
FNDA:0,(anonymous_0)
FNDA:0,(anonymous_1)
FNDA:0,(anonymous_2)
FNDA:0,(anonymous_3)
FNDA:0,(anonymous_4)
FNDA:0,(anonymous_5)
FNDA:0,(anonymous_6)
FNDA:0,(anonymous_7)
FNDA:0,(anonymous_8)
FNDA:0,(anonymous_9)
FNDA:0,(anonymous_10)
FNDA:0,(anonymous_11)
FNDA:0,(anonymous_12)
FNDA:0,(anonymous_13)
FNDA:0,(anonymous_14)
FNDA:0,(anonymous_15)
DA:1,0
DA:2,0
DA:3,0
DA:4,0
DA:5,0
DA:7,0
DA:8,0
DA:9,0
DA:13,0
DA:30,0
DA:45,0
DA:46,0
DA:47,0
DA:48,0
DA:49,0
DA:50,0
DA:52,0
DA:53,0
DA:54,0
DA:55,0
DA:56,0
DA:60,0
DA:61,0
DA:64,0
DA:65,0
DA:66,0
DA:68,0
DA:70,0
DA:75,0
DA:76,0
DA:77,0
DA:79,0
DA:80,0
DA:82,0
DA:83,0
DA:85,0
DA:86,0
DA:88,0
DA:91,0
DA:114,0
DA:120,0
DA:121,0
DA:134,0
DA:139,0
DA:140,0
DA:141,0
DA:142,0
DA:143,0
DA:162,0
DA:166,0
DA:223,0
DA:225,0
LF:52
LH:0
BRDA:8,0,0,0
BRDA:8,0,1,0
BRDA:15,1,0,0
BRDA:15,1,1,0
BRDA:23,2,0,0
BRDA:23,2,1,0
BRDA:37,3,0,0
BRDA:37,3,1,0
BRDA:53,4,0,0
BRDA:53,4,1,0
BRDA:53,5,0,0
BRDA:53,5,1,0
BRDA:65,6,0,0
BRDA:65,6,1,0
BRDA:76,7,0,0
BRDA:76,7,1,0
BRDA:76,8,0,0
BRDA:76,8,1,0
BRDA:76,8,2,0
BRDA:79,9,0,0
BRDA:79,9,1,0
BRDA:82,10,0,0
BRDA:82,10,1,0
BRDA:85,11,0,0
BRDA:85,11,1,0
BRDA:112,12,0,0
BRDA:112,12,1,0
BRDA:128,13,0,0
BRDA:128,13,1,0
BRDA:139,14,0,0
BRDA:139,14,1,0
BRDA:141,15,0,0
BRDA:141,15,1,0
BRDA:157,16,0,0
BRDA:157,16,1,0
BRDA:157,16,2,0
BRDA:180,17,0,0
BRDA:180,17,1,0
BRDA:195,18,0,0
BRDA:195,18,1,0
BRDA:206,19,0,0
BRDA:206,19,1,0
BRDA:206,19,2,0
BRDA:214,20,0,0
BRDA:214,20,1,0
BRDA:214,20,2,0
BRDA:226,21,0,0
BRDA:226,21,1,0
BRDA:231,22,0,0
BRDA:231,22,1,0
BRDA:236,23,0,0
BRDA:236,23,1,0
BRF:52
BRH:0
end_of_record
TN:
SF:src\components\TagInput.tsx
FN:26,(anonymous_0)
FN:34,(anonymous_1)
FN:49,(anonymous_2)
FN:55,(anonymous_3)
FN:56,(anonymous_4)
FN:63,(anonymous_5)
FN:66,(anonymous_6)
FN:77,(anonymous_7)
FN:78,(anonymous_8)
FN:81,(anonymous_9)
FN:94,(anonymous_10)
FN:99,(anonymous_11)
FN:113,(anonymous_12)
FN:117,(anonymous_13)
FN:136,(anonymous_14)
FN:144,(anonymous_15)
FN:158,(anonymous_16)
FN:160,(anonymous_17)
FN:169,(anonymous_18)
FN:184,(anonymous_19)
FN:188,(anonymous_20)
FNF:21
FNH:0
FNDA:0,(anonymous_0)
FNDA:0,(anonymous_1)
FNDA:0,(anonymous_2)
FNDA:0,(anonymous_3)
FNDA:0,(anonymous_4)
FNDA:0,(anonymous_5)
FNDA:0,(anonymous_6)
FNDA:0,(anonymous_7)
FNDA:0,(anonymous_8)
FNDA:0,(anonymous_9)
FNDA:0,(anonymous_10)
FNDA:0,(anonymous_11)
FNDA:0,(anonymous_12)
FNDA:0,(anonymous_13)
FNDA:0,(anonymous_14)
FNDA:0,(anonymous_15)
FNDA:0,(anonymous_16)
FNDA:0,(anonymous_17)
FNDA:0,(anonymous_18)
FNDA:0,(anonymous_19)
FNDA:0,(anonymous_20)
DA:1,0
DA:3,0
DA:14,0
DA:26,0
DA:27,0
DA:28,0
DA:29,0
DA:31,0
DA:34,0
DA:41,0
DA:42,0
DA:43,0
DA:44,0
DA:45,0
DA:48,0
DA:50,0
DA:55,0
DA:56,0
DA:57,0
DA:58,0
DA:62,0
DA:63,0
DA:66,0
DA:67,0
DA:68,0
DA:69,0
DA:71,0
DA:72,0
DA:73,0
DA:74,0
DA:77,0
DA:78,0
DA:81,0
DA:82,0
DA:83,0
DA:84,0
DA:85,0
DA:86,0
DA:87,0
DA:89,0
DA:91,0
DA:92,0
DA:93,0
DA:94,0
DA:95,0
DA:97,0
DA:98,0
DA:99,0
DA:100,0
DA:101,0
DA:102,0
DA:103,0
DA:104,0
DA:105,0
DA:106,0
DA:107,0
DA:108,0
DA:113,0
DA:115,0
DA:116,0
DA:117,0
DA:118,0
DA:119,0
DA:122,0
DA:124,0
DA:126,0
DA:127,0
DA:130,0
DA:137,0
DA:144,0
DA:158,0
DA:160,0
DA:169,0
DA:185,0
DA:188,0
LF:75
LH:0
BRDA:37,0,0,0
BRDA:38,1,0,0
BRDA:39,2,0,0
BRDA:50,3,0,0
BRDA:50,3,1,0
BRDA:57,4,0,0
BRDA:57,4,1,0
BRDA:57,5,0,0
BRDA:57,5,1,0
BRDA:68,6,0,0
BRDA:68,6,1,0
BRDA:68,7,0,0
BRDA:68,7,1,0
BRDA:82,8,0,0
BRDA:82,8,1,0
BRDA:82,9,0,0
BRDA:82,9,1,0
BRDA:84,10,0,0
BRDA:84,10,1,0
BRDA:84,11,0,0
BRDA:84,11,1,0
BRDA:86,12,0,0
BRDA:86,12,1,0
BRDA:89,13,0,0
BRDA:89,13,1,0
BRDA:89,14,0,0
BRDA:89,14,1,0
BRDA:89,14,2,0
BRDA:92,15,0,0
BRDA:92,15,1,0
BRDA:95,16,0,0
BRDA:95,16,1,0
BRDA:97,17,0,0
BRDA:97,17,1,0
BRDA:99,18,0,0
BRDA:99,18,1,0
BRDA:100,19,0,0
BRDA:100,19,1,0
BRDA:103,20,0,0
BRDA:103,20,1,0
BRDA:103,21,0,0
BRDA:103,21,1,0
BRDA:103,21,2,0
BRDA:105,22,0,0
BRDA:105,22,1,0
BRDA:107,23,0,0
BRDA:107,23,1,0
BRDA:115,24,0,0
BRDA:115,24,1,0
BRDA:118,25,0,0
BRDA:118,25,1,0
BRDA:118,26,0,0
BRDA:118,26,1,0
BRDA:161,27,0,0
BRDA:161,27,1,0
BRDA:166,28,0,0
BRDA:166,28,1,0
BRDA:179,29,0,0
BRDA:179,29,1,0
BRDA:179,29,2,0
BRDA:189,30,0,0
BRDA:189,30,1,0
BRDA:204,31,0,0
BRDA:204,31,1,0
BRDA:204,31,2,0
BRF:65
BRH:0
end_of_record
TN:
SF:src\components\ThemeToggle.tsx
FN:10,(anonymous_0)
FN:68,(anonymous_1)
FN:79,(anonymous_2)
FN:90,(anonymous_3)
FN:106,(anonymous_4)
FN:125,(anonymous_5)
FNF:6
FNH:0
FNDA:0,(anonymous_0)
FNDA:0,(anonymous_1)
FNDA:0,(anonymous_2)
FNDA:0,(anonymous_3)
FNDA:0,(anonymous_4)
FNDA:0,(anonymous_5)
DA:1,0
DA:2,0
DA:10,0
DA:11,0
DA:14,0
DA:15,0
DA:37,0
DA:38,0
DA:59,0
DA:68,0
DA:79,0
DA:90,0
DA:106,0
DA:107,0
DA:109,0
DA:125,0
DA:126,0
DA:128,0
LF:18
LH:0
BRDA:10,0,0,0
BRDA:10,1,0,0
BRDA:10,2,0,0
BRDA:14,3,0,0
BRDA:14,3,1,0
BRDA:19,4,0,0
BRDA:19,4,1,0
BRDA:21,5,0,0
BRDA:21,5,1,0
BRDA:24,6,0,0
BRDA:24,6,1,0
BRDA:29,7,0,0
BRDA:29,7,1,0
BRDA:37,8,0,0
BRDA:37,8,1,0
BRDA:42,9,0,0
BRDA:42,9,1,0
BRDA:45,10,0,0
BRDA:45,10,1,0
BRDA:49,11,0,0
BRDA:49,11,1,0
BRDA:52,12,0,0
BRDA:52,12,1,0
BRDA:61,13,0,0
BRDA:61,13,1,0
BRDA:69,14,0,0
BRDA:69,14,1,0
BRDA:80,15,0,0
BRDA:80,15,1,0
BRDA:91,16,0,0
BRDA:91,16,1,0
BRDA:106,17,0,0
BRDA:113,18,0,0
BRDA:113,18,1,0
BRDA:115,19,0,0
BRDA:115,19,1,0
BRDA:125,20,0,0
BRDA:132,21,0,0
BRDA:132,21,1,0
BRDA:136,22,0,0
BRDA:136,22,1,0
BRDA:142,23,0,0
BRDA:142,23,1,0
BRF:43
BRH:0
end_of_record
TN:
SF:src\components\calendar\components\CalendarHeader.tsx
FN:13,(anonymous_0)
FN:59,(anonymous_1)
FN:69,(anonymous_2)
FN:79,(anonymous_3)
FNF:4
FNH:3
FNDA:13,(anonymous_0)
FNDA:1,(anonymous_1)
FNDA:1,(anonymous_2)
FNDA:0,(anonymous_3)
DA:1,1
DA:13,1
DA:21,13
DA:59,1
DA:69,1
DA:79,0
LF:6
LH:5
BRDA:60,0,0,0
BRDA:60,0,1,13
BRDA:70,1,0,3
BRDA:70,1,1,10
BRDA:80,2,0,10
BRDA:80,2,1,3
BRF:6
BRH:5
end_of_record
TN:
SF:src\components\calendar\components\EventItem.tsx
FN:15,(anonymous_0)
FN:25,(anonymous_1)
FN:31,(anonymous_2)
FN:37,(anonymous_3)
FN:42,(anonymous_4)
FN:134,(anonymous_5)
FNF:6
FNH:6
FNDA:57,(anonymous_0)
FNDA:2,(anonymous_1)
FNDA:2,(anonymous_2)
FNDA:6,(anonymous_3)
FNDA:3,(anonymous_4)
FNDA:48,(anonymous_5)
DA:1,2
DA:2,2
DA:4,2
DA:15,2
DA:23,57
DA:25,57
DA:26,2
DA:27,2
DA:28,2
DA:31,57
DA:32,2
DA:33,2
DA:34,2
DA:37,57
DA:38,6
DA:39,6
DA:42,57
DA:43,3
DA:46,57
DA:47,33
DA:87,24
DA:135,48
LF:22
LH:22
BRDA:17,0,0,0
BRDA:18,1,0,30
BRDA:46,2,0,33
BRDA:46,2,1,24
BRDA:53,3,0,33
BRDA:53,3,1,19
BRDA:58,4,0,33
BRDA:58,4,1,33
BRDA:67,5,0,33
BRDA:67,5,1,33
BRDA:67,5,2,0
BRDA:103,6,0,1
BRDA:103,6,1,23
BRDA:112,7,0,24
BRDA:112,7,1,23
BRDA:119,8,0,24
BRDA:119,8,1,23
BRDA:123,9,0,1
BRDA:123,9,1,22
BRDA:132,10,0,24
BRDA:132,10,1,24
BRDA:147,11,0,24
BRDA:147,11,1,23
BRDA:156,12,0,24
BRDA:156,12,1,23
BRDA:156,12,2,6
BRF:26
BRH:24
end_of_record
TN:
SF:src\components\calendar\components\EventModal.tsx
FN:30,(anonymous_0)
FN:54,(anonymous_1)
FN:55,(anonymous_2)
FN:62,(anonymous_3)
FN:66,(anonymous_4)
FN:73,(anonymous_5)
FN:80,(anonymous_6)
FNF:7
FNH:7
FNDA:15,(anonymous_0)
FNDA:15,(anonymous_1)
FNDA:1,(anonymous_2)
FNDA:15,(anonymous_3)
FNDA:15,(anonymous_4)
FNDA:15,(anonymous_5)
FNDA:6,(anonymous_6)
DA:1,1
DA:2,1
DA:4,1
DA:30,1
DA:54,15
DA:55,15
DA:56,1
DA:57,1
DA:61,15
DA:62,15
DA:66,15
DA:67,15
DA:68,13
DA:70,2
DA:73,15
DA:74,15
DA:78,15
DA:80,13
DA:81,6
DA:82,1
DA:86,13
LF:21
LH:21
BRDA:56,0,0,1
BRDA:56,0,1,0
BRDA:56,1,0,1
BRDA:56,1,1,1
BRDA:67,2,0,13
BRDA:67,2,1,2
BRDA:78,3,0,2
BRDA:78,3,1,13
BRDA:81,4,0,1
BRDA:81,4,1,5
BRDA:95,5,0,3
BRDA:95,5,1,10
BRF:12
BRH:11
end_of_record
TN:
SF:src\components\calendar\components\NotificationPanel.tsx
FN:18,(anonymous_0)
FN:33,(anonymous_1)
FN:46,(anonymous_2)
FN:60,(anonymous_3)
FN:70,(anonymous_4)
FN:81,(anonymous_5)
FN:110,(anonymous_6)
FN:117,(anonymous_7)
FN:146,(anonymous_8)
FN:158,(anonymous_9)
FN:168,(anonymous_10)
FN:180,(anonymous_11)
FN:197,(anonymous_12)
FN:202,(anonymous_13)
FN:222,(anonymous_14)
FNF:15
FNH:0
FNDA:0,(anonymous_0)
FNDA:0,(anonymous_1)
FNDA:0,(anonymous_2)
FNDA:0,(anonymous_3)
FNDA:0,(anonymous_4)
FNDA:0,(anonymous_5)
FNDA:0,(anonymous_6)
FNDA:0,(anonymous_7)
FNDA:0,(anonymous_8)
FNDA:0,(anonymous_9)
FNDA:0,(anonymous_10)
FNDA:0,(anonymous_11)
FNDA:0,(anonymous_12)
FNDA:0,(anonymous_13)
FNDA:0,(anonymous_14)
DA:1,0
DA:2,0
DA:18,0
DA:30,0
DA:31,0
DA:33,0
DA:34,0
DA:36,0
DA:38,0
DA:40,0
DA:42,0
DA:46,0
DA:47,0
DA:48,0
DA:50,0
DA:51,0
DA:53,0
DA:54,0
DA:56,0
DA:57,0
DA:60,0
DA:61,0
DA:62,0
DA:65,0
DA:66,0
DA:70,0
DA:71,0
DA:72,0
DA:73,0
DA:77,0
DA:81,0
DA:110,0
DA:117,0
DA:146,0
DA:158,0
DA:168,0
DA:180,0
DA:198,0
DA:202,0
DA:223,0
DA:224,0
LF:41
LH:0
BRDA:34,0,0,0
BRDA:34,0,1,0
BRDA:34,0,2,0
BRDA:34,0,3,0
BRDA:50,1,0,0
BRDA:50,1,1,0
BRDA:51,2,0,0
BRDA:51,2,1,0
BRDA:54,3,0,0
BRDA:54,3,1,0
BRDA:61,4,0,0
BRDA:61,4,1,0
BRDA:65,5,0,0
BRDA:65,5,1,0
BRDA:72,6,0,0
BRDA:72,6,1,0
BRDA:86,7,0,0
BRDA:86,7,1,0
BRDA:88,8,0,0
BRDA:88,8,1,0
BRDA:94,9,0,0
BRDA:94,9,1,0
BRDA:100,10,0,0
BRDA:100,10,1,0
BRDA:127,11,0,0
BRDA:127,11,1,0
BRDA:135,12,0,0
BRDA:135,12,1,0
BRDA:180,13,0,0
BRDA:180,13,1,0
BRDA:190,14,0,0
BRDA:190,14,1,0
BRDA:200,15,0,0
BRDA:200,15,1,0
BRDA:241,16,0,0
BRDA:241,16,1,0
BRF:36
BRH:0
end_of_record
TN:
SF:src\components\calendar\components\views\DayView.tsx
FN:18,(anonymous_0)
FN:36,(anonymous_1)
FN:42,(anonymous_2)
FN:47,(anonymous_3)
FN:53,(anonymous_4)
FN:65,(anonymous_5)
FN:72,(anonymous_6)
FN:90,(anonymous_7)
FN:103,(anonymous_8)
FN:110,(anonymous_9)
FN:118,(anonymous_10)
FN:130,(anonymous_11)
FN:132,(anonymous_12)
FN:133,(anonymous_13)
FN:137,(anonymous_14)
FN:138,(anonymous_15)
FN:143,(anonymous_16)
FN:147,(anonymous_17)
FN:148,(anonymous_18)
FN:156,(anonymous_19)
FN:160,(anonymous_20)
FN:209,(anonymous_21)
FN:219,(anonymous_22)
FN:237,(anonymous_23)
FN:238,(anonymous_24)
FN:239,(anonymous_25)
FN:248,(anonymous_26)
FN:249,(anonymous_27)
FN:254,(anonymous_28)
FN:256,(anonymous_29)
FN:272,(anonymous_30)
FN:273,(anonymous_31)
FN:290,(anonymous_32)
FN:292,(anonymous_33)
FN:308,(anonymous_34)
FNF:35
FNH:18
FNDA:10,(anonymous_0)
FNDA:0,(anonymous_1)
FNDA:0,(anonymous_2)
FNDA:0,(anonymous_3)
FNDA:0,(anonymous_4)
FNDA:0,(anonymous_5)
FNDA:0,(anonymous_6)
FNDA:0,(anonymous_7)
FNDA:480,(anonymous_8)
FNDA:1440,(anonymous_9)
FNDA:20,(anonymous_10)
FNDA:240,(anonymous_11)
FNDA:260,(anonymous_12)
FNDA:280,(anonymous_13)
FNDA:20,(anonymous_14)
FNDA:60,(anonymous_15)
FNDA:20,(anonymous_16)
FNDA:0,(anonymous_17)
FNDA:20,(anonymous_18)
FNDA:0,(anonymous_19)
FNDA:0,(anonymous_20)
FNDA:1,(anonymous_21)
FNDA:240,(anonymous_22)
FNDA:0,(anonymous_23)
FNDA:0,(anonymous_24)
FNDA:0,(anonymous_25)
FNDA:260,(anonymous_26)
FNDA:240,(anonymous_27)
FNDA:0,(anonymous_28)
FNDA:0,(anonymous_29)
FNDA:260,(anonymous_30)
FNDA:20,(anonymous_31)
FNDA:0,(anonymous_32)
FNDA:4,(anonymous_33)
FNDA:0,(anonymous_34)
DA:1,1
DA:2,1
DA:4,1
DA:5,1
DA:18,1
DA:28,10
DA:29,10
DA:30,10
DA:31,10
DA:33,10
DA:34,10
DA:36,10
DA:37,0
DA:38,0
DA:39,0
DA:42,10
DA:43,0
DA:44,0
DA:47,10
DA:48,0
DA:49,0
DA:50,0
DA:53,10
DA:54,0
DA:55,0
DA:56,0
DA:57,0
DA:58,0
DA:60,0
DA:62,0
DA:65,10
DA:66,0
DA:67,0
DA:68,0
DA:69,0
DA:72,10
DA:73,0
DA:75,0
DA:76,0
DA:78,0
DA:79,0
DA:82,0
DA:83,0
DA:85,0
DA:86,0
DA:90,10
DA:91,0
DA:92,0
DA:93,0
DA:94,0
DA:98,10
DA:99,0
DA:100,0
DA:103,10
DA:104,480
DA:105,480
DA:106,480
DA:107,480
DA:108,480
DA:110,480
DA:111,1440
DA:118,10
DA:119,20
DA:120,20
DA:121,20
DA:122,20
DA:124,20
DA:125,20
DA:127,20
DA:130,10
DA:131,240
DA:132,240
DA:133,280
DA:137,10
DA:138,20
DA:139,60
DA:143,10
DA:144,20
DA:145,20
DA:146,20
DA:147,0
DA:148,20
DA:150,20
DA:151,20
DA:153,20
DA:156,10
DA:157,0
DA:160,10
DA:161,0
DA:164,10
DA:209,1
DA:220,240
DA:221,240
DA:222,240
DA:224,240
DA:237,0
DA:238,0
DA:240,0
DA:241,0
DA:242,0
DA:243,0
DA:248,260
DA:250,240
DA:254,0
DA:257,0
DA:258,0
DA:272,260
DA:274,20
DA:275,20
DA:277,20
DA:290,0
DA:293,4
DA:294,4
DA:308,0
LF:114
LH:66
BRDA:55,0,0,0
BRDA:55,0,1,0
BRDA:55,1,0,0
BRDA:55,1,1,0
BRDA:73,2,0,0
BRDA:73,2,1,0
BRDA:73,3,0,0
BRDA:73,3,1,0
BRDA:85,4,0,0
BRDA:85,4,1,0
BRDA:98,5,0,0
BRDA:98,5,1,10
BRDA:112,6,0,1440
BRDA:112,6,1,500
BRDA:112,6,2,1380
BRDA:112,6,3,940
BRDA:133,7,0,280
BRDA:133,7,1,40
BRDA:139,8,0,60
BRDA:139,8,1,40
BRDA:180,9,0,0
BRDA:180,9,1,10
BRDA:191,10,0,10
BRDA:191,10,1,0
BRDA:233,11,0,0
BRDA:233,11,1,240
BRDA:236,12,0,20
BRDA:236,12,1,220
BRDA:305,13,0,20
BRDA:305,13,1,20
BRDA:316,14,0,240
BRDA:316,14,1,20
BRF:32
BRH:18
end_of_record
TN:
SF:src\components\calendar\components\views\MonthView.tsx
FN:15,(anonymous_0)
FN:30,(anonymous_1)
FN:39,(anonymous_2)
FN:50,(anonymous_3)
FN:62,(anonymous_4)
FN:65,(anonymous_5)
FNF:6
FNH:6
FNDA:14,(anonymous_0)
FNDA:98,(anonymous_1)
FNDA:476,(anonymous_2)
FNDA:1,(anonymous_3)
FNDA:30,(anonymous_4)
FNDA:2,(anonymous_5)
DA:1,1
DA:2,1
DA:4,1
DA:15,1
DA:23,14
DA:24,14
DA:26,14
DA:31,98
DA:40,476
DA:41,476
DA:43,476
DA:50,1
DA:63,30
DA:66,2
DA:67,2
LF:15
LH:15
BRDA:40,0,0,434
BRDA:40,0,1,42
BRDA:41,1,0,434
BRDA:41,1,1,42
BRDA:46,2,0,42
BRDA:46,2,1,434
BRDA:50,3,0,1
BRDA:50,3,1,1
BRDA:52,4,0,476
BRDA:52,4,1,434
BRDA:54,5,0,14
BRDA:54,5,1,420
BRDA:79,6,0,434
BRDA:79,6,1,0
BRF:14
BRH:13
end_of_record
TN:
SF:src\components\calendar\utils\dateHelpers.ts
FN:3,(anonymous_0)
FN:26,(anonymous_1)
FN:40,(anonymous_2)
FN:56,(anonymous_3)
FN:64,(anonymous_4)
FN:69,(anonymous_5)
FN:73,(anonymous_6)
FN:77,(anonymous_7)
FN:81,(anonymous_8)
FN:87,(anonymous_9)
FN:91,(anonymous_10)
FN:97,(anonymous_11)
FN:103,(anonymous_12)
FN:109,(anonymous_13)
FN:115,(anonymous_14)
FN:119,(anonymous_15)
FN:123,(anonymous_16)
FN:127,(anonymous_17)
FN:143,(anonymous_18)
FN:153,(anonymous_19)
FN:157,(anonymous_20)
FNF:21
FNH:0
FNDA:0,(anonymous_0)
FNDA:0,(anonymous_1)
FNDA:0,(anonymous_2)
FNDA:0,(anonymous_3)
FNDA:0,(anonymous_4)
FNDA:0,(anonymous_5)
FNDA:0,(anonymous_6)
FNDA:0,(anonymous_7)
FNDA:0,(anonymous_8)
FNDA:0,(anonymous_9)
FNDA:0,(anonymous_10)
FNDA:0,(anonymous_11)
FNDA:0,(anonymous_12)
FNDA:0,(anonymous_13)
FNDA:0,(anonymous_14)
FNDA:0,(anonymous_15)
FNDA:0,(anonymous_16)
FNDA:0,(anonymous_17)
FNDA:0,(anonymous_18)
FNDA:0,(anonymous_19)
FNDA:0,(anonymous_20)
DA:3,0
DA:4,0
DA:5,0
DA:6,0
DA:7,0
DA:8,0
DA:9,0
DA:11,0
DA:14,0
DA:15,0
DA:19,0
DA:20,0
DA:23,0
DA:26,0
DA:27,0
DA:28,0
DA:30,0
DA:31,0
DA:32,0
DA:33,0
DA:37,0
DA:40,0
DA:41,0
DA:42,0
DA:43,0
DA:44,0
DA:46,0
DA:47,0
DA:48,0
DA:49,0
DA:50,0
DA:53,0
DA:56,0
DA:57,0
DA:58,0
DA:59,0
DA:61,0
DA:64,0
DA:65,0
DA:66,0
DA:69,0
DA:70,0
DA:73,0
DA:74,0
DA:77,0
DA:78,0
DA:81,0
DA:82,0
DA:83,0
DA:84,0
DA:87,0
DA:88,0
DA:91,0
DA:92,0
DA:93,0
DA:94,0
DA:97,0
DA:98,0
DA:99,0
DA:100,0
DA:103,0
DA:104,0
DA:105,0
DA:106,0
DA:109,0
DA:110,0
DA:111,0
DA:112,0
DA:115,0
DA:116,0
DA:119,0
DA:120,0
DA:123,0
DA:124,0
DA:127,0
DA:128,0
DA:129,0
DA:135,0
DA:143,0
DA:144,0
DA:150,0
DA:153,0
DA:154,0
DA:157,0
DA:158,0
DA:159,0
DA:160,0
LF:87
LH:0
BRDA:32,0,0,0
BRDA:32,0,1,0
BRDA:40,1,0,0
BRDA:42,2,0,0
BRDA:42,2,1,0
BRDA:74,3,0,0
BRDA:74,3,1,0
BRDA:78,4,0,0
BRDA:78,4,1,0
BRDA:109,5,0,0
BRDA:111,6,0,0
BRDA:111,6,1,0
BRDA:115,7,0,0
BRDA:127,8,0,0
BRDA:128,9,0,0
BRDA:128,9,1,0
BRDA:150,10,0,0
BRDA:150,10,1,0
BRDA:157,11,0,0
BRF:19
BRH:0
end_of_record
TN:
SF:src\components\calendar\utils\eventHelpers.ts
FN:4,(anonymous_0)
FN:5,(anonymous_1)
FN:8,(anonymous_2)
FN:12,(anonymous_3)
FN:19,(anonymous_4)
FN:20,(anonymous_5)
FN:25,(anonymous_6)
FN:28,(anonymous_7)
FN:29,(anonymous_8)
FN:33,(anonymous_9)
FN:36,(anonymous_10)
FN:37,(anonymous_11)
FN:41,(anonymous_12)
FN:42,(anonymous_13)
FN:45,(anonymous_14)
FN:46,(anonymous_15)
FN:49,(anonymous_16)
FN:53,(anonymous_17)
FN:57,(anonymous_18)
FN:58,(anonymous_19)
FN:62,(anonymous_20)
FN:65,(anonymous_21)
FN:66,(anonymous_22)
FN:70,(anonymous_23)
FN:79,(anonymous_24)
FN:92,(anonymous_25)
FN:106,(anonymous_26)
FN:119,(anonymous_27)
FN:130,(anonymous_28)
FN:161,(anonymous_29)
FN:169,(anonymous_30)
FNF:31
FNH:0
FNDA:0,(anonymous_0)
FNDA:0,(anonymous_1)
FNDA:0,(anonymous_2)
FNDA:0,(anonymous_3)
FNDA:0,(anonymous_4)
FNDA:0,(anonymous_5)
FNDA:0,(anonymous_6)
FNDA:0,(anonymous_7)
FNDA:0,(anonymous_8)
FNDA:0,(anonymous_9)
FNDA:0,(anonymous_10)
FNDA:0,(anonymous_11)
FNDA:0,(anonymous_12)
FNDA:0,(anonymous_13)
FNDA:0,(anonymous_14)
FNDA:0,(anonymous_15)
FNDA:0,(anonymous_16)
FNDA:0,(anonymous_17)
FNDA:0,(anonymous_18)
FNDA:0,(anonymous_19)
FNDA:0,(anonymous_20)
FNDA:0,(anonymous_21)
FNDA:0,(anonymous_22)
FNDA:0,(anonymous_23)
FNDA:0,(anonymous_24)
FNDA:0,(anonymous_25)
FNDA:0,(anonymous_26)
FNDA:0,(anonymous_27)
FNDA:0,(anonymous_28)
FNDA:0,(anonymous_29)
FNDA:0,(anonymous_30)
DA:2,0
DA:4,0
DA:5,0
DA:8,0
DA:9,0
DA:10,0
DA:12,0
DA:13,0
DA:19,0
DA:20,0
DA:21,0
DA:25,0
DA:26,0
DA:27,0
DA:28,0
DA:29,0
DA:33,0
DA:34,0
DA:35,0
DA:36,0
DA:37,0
DA:41,0
DA:42,0
DA:45,0
DA:46,0
DA:49,0
DA:50,0
DA:52,0
DA:53,0
DA:54,0
DA:57,0
DA:58,0
DA:62,0
DA:63,0
DA:65,0
DA:66,0
DA:70,0
DA:71,0
DA:73,0
DA:79,0
DA:80,0
DA:81,0
DA:83,0
DA:84,0
DA:86,0
DA:87,0
DA:89,0
DA:90,0
DA:92,0
DA:93,0
DA:94,0
DA:98,0
DA:99,0
DA:103,0
DA:106,0
DA:107,0
DA:116,0
DA:119,0
DA:120,0
DA:127,0
DA:130,0
DA:137,0
DA:139,0
DA:161,0
DA:162,0
DA:169,0
DA:170,0
DA:171,0
DA:172,0
DA:174,0
LF:70
LH:0
BRDA:13,0,0,0
BRDA:13,0,1,0
BRDA:13,0,2,0
BRDA:13,0,3,0
BRDA:21,1,0,0
BRDA:21,1,1,0
BRDA:25,2,0,0
BRDA:33,3,0,0
BRDA:50,4,0,0
BRDA:50,4,1,0
BRDA:54,5,0,0
BRDA:54,5,1,0
BRDA:54,5,2,0
BRDA:54,5,3,0
BRDA:54,5,4,0
BRDA:54,5,5,0
BRDA:54,5,6,0
BRDA:63,6,0,0
BRDA:63,6,1,0
BRDA:71,7,0,0
BRDA:71,7,1,0
BRDA:74,8,0,0
BRDA:74,8,1,0
BRDA:74,8,2,0
BRDA:74,8,3,0
BRDA:84,9,0,0
BRDA:84,9,1,0
BRDA:90,10,0,0
BRDA:90,10,1,0
BRDA:92,11,0,0
BRDA:92,11,1,0
BRDA:98,12,0,0
BRDA:98,12,1,0
BRDA:116,13,0,0
BRDA:116,13,1,0
BRDA:127,14,0,0
BRDA:127,14,1,0
BRDA:134,15,0,0
BRDA:135,16,0,0
BRDA:142,17,0,0
BRDA:142,17,1,0
BRDA:145,18,0,0
BRDA:145,18,1,0
BRDA:147,19,0,0
BRDA:147,19,1,0
BRDA:148,20,0,0
BRDA:148,20,1,0
BRDA:149,21,0,0
BRDA:149,21,1,0
BRDA:150,22,0,0
BRDA:150,22,1,0
BRDA:151,23,0,0
BRDA:151,23,1,0
BRDA:152,24,0,0
BRDA:152,24,1,0
BRDA:153,25,0,0
BRDA:153,25,1,0
BRDA:156,26,0,0
BRDA:156,26,1,0
BRDA:170,27,0,0
BRDA:170,27,1,0
BRF:61
BRH:0
end_of_record
TN:
SF:src\components\calendar\utils\storageHelpers.ts
FN:10,(anonymous_0)
FN:12,(anonymous_1)
FN:29,(anonymous_2)
FN:35,(anonymous_3)
FN:52,(anonymous_4)
FN:60,(anonymous_5)
FN:74,(anonymous_6)
FN:78,(anonymous_7)
FN:93,(anonymous_8)
FN:109,(anonymous_9)
FN:122,(anonymous_10)
FN:125,(anonymous_11)
FN:135,(anonymous_12)
FN:162,(anonymous_13)
FN:166,(anonymous_14)
FN:170,(anonymous_15)
FN:174,(anonymous_16)
FN:179,(anonymous_17)
FN:180,(anonymous_18)
FN:190,(anonymous_19)
FNF:20
FNH:0
FNDA:0,(anonymous_0)
FNDA:0,(anonymous_1)
FNDA:0,(anonymous_2)
FNDA:0,(anonymous_3)
FNDA:0,(anonymous_4)
FNDA:0,(anonymous_5)
FNDA:0,(anonymous_6)
FNDA:0,(anonymous_7)
FNDA:0,(anonymous_8)
FNDA:0,(anonymous_9)
FNDA:0,(anonymous_10)
FNDA:0,(anonymous_11)
FNDA:0,(anonymous_12)
FNDA:0,(anonymous_13)
FNDA:0,(anonymous_14)
FNDA:0,(anonymous_15)
FNDA:0,(anonymous_16)
FNDA:0,(anonymous_17)
FNDA:0,(anonymous_18)
FNDA:0,(anonymous_19)
DA:3,0
DA:9,0
DA:11,0
DA:12,0
DA:23,0
DA:25,0
DA:30,0
DA:31,0
DA:32,0
DA:34,0
DA:35,0
DA:47,0
DA:48,0
DA:53,0
DA:54,0
DA:56,0
DA:61,0
DA:62,0
DA:63,0
DA:64,0
DA:67,0
DA:69,0
DA:70,0
DA:75,0
DA:76,0
DA:77,0
DA:78,0
DA:87,0
DA:89,0
DA:94,0
DA:95,0
DA:96,0
DA:98,0
DA:100,0
DA:101,0
DA:104,0
DA:105,0
DA:106,0
DA:109,0
DA:117,0
DA:118,0
DA:123,0
DA:124,0
DA:125,0
DA:126,0
DA:127,0
DA:131,0
DA:136,0
DA:159,0
DA:162,0
DA:163,0
DA:166,0
DA:167,0
DA:170,0
DA:171,0
DA:174,0
DA:175,0
DA:179,0
DA:180,0
DA:190,0
LF:60
LH:0
BRDA:18,0,0,0
BRDA:18,0,1,0
BRDA:32,1,0,0
BRDA:32,1,1,0
BRDA:41,2,0,0
BRDA:41,2,1,0
BRDA:43,3,0,0
BRDA:43,3,1,0
BRDA:63,4,0,0
BRDA:63,4,1,0
BRDA:98,5,0,0
BRDA:98,5,1,0
BRDA:104,6,0,0
BRDA:104,6,1,0
BRDA:126,7,0,0
BRDA:126,7,1,0
BRDA:181,8,0,0
BRDA:181,8,1,0
BRDA:183,9,0,0
BRDA:183,9,1,0
BRDA:186,10,0,0
BRDA:186,10,1,0
BRDA:187,11,0,0
BRDA:187,11,1,0
BRDA:189,12,0,0
BRDA:189,12,1,0
BRDA:190,13,0,0
BRDA:190,13,1,0
BRDA:198,14,0,0
BRDA:198,14,1,0
BRF:30
BRH:0
end_of_record
TN:
SF:src\context\AuthContext.tsx
FN:38,(anonymous_0)
FN:46,(anonymous_1)
FN:52,(anonymous_2)
FN:54,(anonymous_3)
FN:72,(anonymous_4)
FN:89,(anonymous_5)
FN:94,(anonymous_6)
FN:118,(anonymous_7)
FN:149,(anonymous_8)
FN:162,(anonymous_9)
FN:166,(anonymous_10)
FN:190,(anonymous_11)
FNF:12
FNH:0
FNDA:0,(anonymous_0)
FNDA:0,(anonymous_1)
FNDA:0,(anonymous_2)
FNDA:0,(anonymous_3)
FNDA:0,(anonymous_4)
FNDA:0,(anonymous_5)
FNDA:0,(anonymous_6)
FNDA:0,(anonymous_7)
FNDA:0,(anonymous_8)
FNDA:0,(anonymous_9)
FNDA:0,(anonymous_10)
FNDA:0,(anonymous_11)
DA:1,0
DA:2,0
DA:3,0
DA:36,0
DA:38,0
DA:46,0
DA:47,0
DA:48,0
DA:49,0
DA:52,0
DA:54,0
DA:55,0
DA:56,0
DA:57,0
DA:58,0
DA:61,0
DA:62,0
DA:64,0
DA:68,0
DA:71,0
DA:73,0
DA:75,0
DA:76,0
DA:77,0
DA:78,0
DA:79,0
DA:80,0
DA:81,0
DA:82,0
DA:85,0
DA:89,0
DA:90,0
DA:94,0
DA:95,0
DA:96,0
DA:98,0
DA:99,0
DA:101,0
DA:102,0
DA:103,0
DA:104,0
DA:106,0
DA:107,0
DA:108,0
DA:111,0
DA:112,0
DA:113,0
DA:114,0
DA:118,0
DA:119,0
DA:120,0
DA:123,0
DA:124,0
DA:125,0
DA:126,0
DA:129,0
DA:130,0
DA:132,0
DA:133,0
DA:134,0
DA:135,0
DA:137,0
DA:138,0
DA:139,0
DA:142,0
DA:143,0
DA:144,0
DA:145,0
DA:149,0
DA:150,0
DA:151,0
DA:152,0
DA:153,0
DA:154,0
DA:156,0
DA:158,0
DA:162,0
DA:163,0
DA:166,0
DA:167,0
DA:168,0
DA:171,0
DA:183,0
DA:190,0
DA:191,0
DA:192,0
DA:193,0
DA:195,0
LF:88
LH:0
BRDA:40,0,0,0
BRDA:40,0,1,0
BRDA:41,1,0,0
BRDA:41,1,1,0
BRDA:41,1,2,0
BRDA:41,1,3,0
BRDA:57,2,0,0
BRDA:57,2,1,0
BRDA:75,3,0,0
BRDA:75,3,1,0
BRDA:75,4,0,0
BRDA:75,4,1,0
BRDA:77,5,0,0
BRDA:77,5,1,0
BRDA:79,6,0,0
BRDA:79,6,1,0
BRDA:79,7,0,0
BRDA:79,7,1,0
BRDA:81,8,0,0
BRDA:81,8,1,0
BRDA:81,9,0,0
BRDA:81,9,1,0
BRDA:101,10,0,0
BRDA:101,10,1,0
BRDA:101,11,0,0
BRDA:101,11,1,0
BRDA:106,12,0,0
BRDA:106,12,1,0
BRDA:123,13,0,0
BRDA:123,13,1,0
BRDA:132,14,0,0
BRDA:132,14,1,0
BRDA:132,15,0,0
BRDA:132,15,1,0
BRDA:137,16,0,0
BRDA:137,16,1,0
BRDA:167,17,0,0
BRDA:167,17,1,0
BRDA:192,18,0,0
BRDA:192,18,1,0
BRF:40
BRH:0
end_of_record
TN:
SF:src\context\TagContext.tsx
FN:22,(anonymous_0)
FN:28,(anonymous_1)
FN:32,(anonymous_2)
FN:37,(anonymous_3)
FN:58,(anonymous_4)
FN:59,(anonymous_5)
FN:73,(anonymous_6)
FN:74,(anonymous_7)
FN:88,(anonymous_8)
FN:89,(anonymous_9)
FN:103,(anonymous_10)
FN:108,(anonymous_11)
FN:123,(anonymous_12)
FN:141,(anonymous_13)
FNF:14
FNH:0
FNDA:0,(anonymous_0)
FNDA:0,(anonymous_1)
FNDA:0,(anonymous_2)
FNDA:0,(anonymous_3)
FNDA:0,(anonymous_4)
FNDA:0,(anonymous_5)
FNDA:0,(anonymous_6)
FNDA:0,(anonymous_7)
FNDA:0,(anonymous_8)
FNDA:0,(anonymous_9)
FNDA:0,(anonymous_10)
FNDA:0,(anonymous_11)
FNDA:0,(anonymous_12)
FNDA:0,(anonymous_13)
DA:1,0
DA:2,0
DA:3,0
DA:20,0
DA:22,0
DA:23,0
DA:24,0
DA:25,0
DA:26,0
DA:28,0
DA:29,0
DA:32,0
DA:33,0
DA:37,0
DA:38,0
DA:39,0
DA:40,0
DA:43,0
DA:45,0
DA:47,0
DA:54,0
DA:57,0
DA:58,0
DA:59,0
DA:60,0
DA:61,0
DA:62,0
DA:63,0
DA:65,0
DA:72,0
DA:73,0
DA:74,0
DA:75,0
DA:76,0
DA:77,0
DA:78,0
DA:80,0
DA:87,0
DA:88,0
DA:89,0
DA:90,0
DA:91,0
DA:92,0
DA:93,0
DA:95,0
DA:102,0
DA:103,0
DA:109,0
DA:110,0
DA:113,0
DA:115,0
DA:116,0
DA:118,0
DA:123,0
DA:124,0
DA:127,0
DA:141,0
DA:142,0
DA:143,0
DA:144,0
DA:146,0
LF:61
LH:0
BRDA:38,0,0,0
BRDA:38,0,1,0
BRDA:57,1,0,0
BRDA:57,1,1,0
BRDA:59,2,0,0
BRDA:59,2,1,0
BRDA:61,3,0,0
BRDA:61,3,1,0
BRDA:72,4,0,0
BRDA:72,4,1,0
BRDA:74,5,0,0
BRDA:74,5,1,0
BRDA:76,6,0,0
BRDA:76,6,1,0
BRDA:87,7,0,0
BRDA:87,7,1,0
BRDA:89,8,0,0
BRDA:89,8,1,0
BRDA:91,9,0,0
BRDA:91,9,1,0
BRDA:109,10,0,0
BRDA:109,10,1,0
BRDA:143,11,0,0
BRDA:143,11,1,0
BRF:24
BRH:0
end_of_record
TN:
SF:src\context\ThemeContext.tsx
FN:16,(anonymous_0)
FN:23,(anonymous_1)
FN:24,(anonymous_2)
FN:29,(anonymous_3)
FN:38,(anonymous_4)
FN:39,(anonymous_5)
FN:51,(anonymous_6)
FN:58,(anonymous_7)
FN:62,(anonymous_8)
FN:79,(anonymous_9)
FN:83,(anonymous_10)
FN:84,(anonymous_11)
FN:101,(anonymous_12)
FNF:13
FNH:0
FNDA:0,(anonymous_0)
FNDA:0,(anonymous_1)
FNDA:0,(anonymous_2)
FNDA:0,(anonymous_3)
FNDA:0,(anonymous_4)
FNDA:0,(anonymous_5)
FNDA:0,(anonymous_6)
FNDA:0,(anonymous_7)
FNDA:0,(anonymous_8)
FNDA:0,(anonymous_9)
FNDA:0,(anonymous_10)
FNDA:0,(anonymous_11)
FNDA:0,(anonymous_12)
DA:1,0
DA:14,0
DA:16,0
DA:17,0
DA:18,0
DA:20,0
DA:23,0
DA:24,0
DA:25,0
DA:26,0
DA:29,0
DA:30,0
DA:31,0
DA:32,0
DA:34,0
DA:38,0
DA:39,0
DA:40,0
DA:41,0
DA:43,0
DA:47,0
DA:50,0
DA:51,0
DA:52,0
DA:53,0
DA:57,0
DA:58,0
DA:62,0
DA:63,0
DA:66,0
DA:69,0
DA:72,0
DA:73,0
DA:75,0
DA:79,0
DA:80,0
DA:83,0
DA:84,0
DA:86,0
DA:87,0
DA:90,0
DA:94,0
DA:101,0
DA:102,0
DA:103,0
DA:104,0
DA:106,0
LF:47
LH:0
BRDA:17,0,0,0
BRDA:17,0,1,0
BRDA:17,1,0,0
BRDA:17,1,1,0
BRDA:18,2,0,0
BRDA:18,2,1,0
BRDA:26,3,0,0
BRDA:26,3,1,0
BRDA:31,4,0,0
BRDA:31,4,1,0
BRDA:31,5,0,0
BRDA:31,5,1,0
BRDA:40,6,0,0
BRDA:40,6,1,0
BRDA:52,7,0,0
BRDA:52,7,1,0
BRDA:72,8,0,0
BRDA:72,8,1,0
BRDA:86,9,0,0
BRDA:86,9,1,0
BRDA:87,10,0,0
BRDA:87,10,1,0
BRDA:90,11,0,0
BRDA:90,11,1,0
BRDA:103,12,0,0
BRDA:103,12,1,0
BRF:26
BRH:0
end_of_record
TN:
SF:src\hooks\calendar\useCalendarEvents.ts
FN:7,(anonymous_0)
FN:33,(anonymous_1)
FN:45,(anonymous_2)
FN:51,(anonymous_3)
FN:71,(anonymous_4)
FN:75,(anonymous_5)
FN:78,(anonymous_6)
FN:79,(anonymous_7)
FN:80,(anonymous_8)
FN:103,(anonymous_9)
FN:120,(anonymous_10)
FN:130,(anonymous_11)
FN:135,(anonymous_12)
FN:141,(anonymous_13)
FN:142,(anonymous_14)
FN:153,(anonymous_15)
FN:159,(anonymous_16)
FN:159,(anonymous_17)
FN:167,(anonymous_18)
FN:168,(anonymous_19)
FN:176,(anonymous_20)
FN:177,(anonymous_21)
FN:180,(anonymous_22)
FN:188,(anonymous_23)
FNF:24
FNH:0
FNDA:0,(anonymous_0)
FNDA:0,(anonymous_1)
FNDA:0,(anonymous_2)
FNDA:0,(anonymous_3)
FNDA:0,(anonymous_4)
FNDA:0,(anonymous_5)
FNDA:0,(anonymous_6)
FNDA:0,(anonymous_7)
FNDA:0,(anonymous_8)
FNDA:0,(anonymous_9)
FNDA:0,(anonymous_10)
FNDA:0,(anonymous_11)
FNDA:0,(anonymous_12)
FNDA:0,(anonymous_13)
FNDA:0,(anonymous_14)
FNDA:0,(anonymous_15)
FNDA:0,(anonymous_16)
FNDA:0,(anonymous_17)
FNDA:0,(anonymous_18)
FNDA:0,(anonymous_19)
FNDA:0,(anonymous_20)
FNDA:0,(anonymous_21)
FNDA:0,(anonymous_22)
FNDA:0,(anonymous_23)
DA:1,24
DA:3,24
DA:4,0
DA:7,0
DA:33,0
DA:45,0
DA:46,0
DA:47,0
DA:48,0
DA:51,0
DA:52,0
DA:53,0
DA:54,0
DA:55,0
DA:56,0
DA:57,0
DA:58,0
DA:59,0
DA:60,0
DA:63,0
DA:64,0
DA:65,0
DA:67,0
DA:71,0
DA:72,0
DA:75,0
DA:76,0
DA:78,0
DA:79,0
DA:80,0
DA:86,0
DA:103,0
DA:104,0
DA:105,0
DA:116,0
DA:117,0
DA:118,0
DA:119,0
DA:120,0
DA:121,0
DA:124,0
DA:125,0
DA:127,0
DA:130,0
DA:131,0
DA:132,0
DA:135,0
DA:136,0
DA:137,0
DA:138,0
DA:139,0
DA:140,0
DA:141,0
DA:142,0
DA:143,0
DA:148,0
DA:149,0
DA:153,0
DA:154,0
DA:155,0
DA:156,0
DA:157,0
DA:158,0
DA:159,0
DA:162,0
DA:163,0
DA:167,0
DA:168,0
DA:169,0
DA:170,0
DA:171,0
DA:173,0
DA:176,0
DA:177,0
DA:180,0
DA:182,0
DA:183,0
DA:185,0
DA:188,0
DA:190,0
DA:191,0
DA:192,0
DA:196,0
LF:83
LH:2
BRDA:16,0,0,0
BRDA:16,0,1,0
BRDA:18,1,0,0
BRDA:18,1,1,0
BRDA:21,2,0,0
BRDA:21,2,1,0
BRDA:25,3,0,0
BRDA:25,3,1,0
BRDA:41,4,0,0
BRDA:41,4,1,0
BRDA:41,5,0,0
BRDA:41,5,1,0
BRDA:56,6,0,0
BRDA:56,6,1,0
BRDA:59,7,0,0
BRDA:59,7,1,0
BRDA:107,8,0,0
BRDA:107,8,1,0
BRDA:111,9,0,0
BRDA:111,9,1,0
BRDA:113,10,0,0
BRDA:113,10,1,0
BRDA:113,11,0,0
BRDA:113,11,1,0
BRDA:114,12,0,0
BRDA:114,12,1,0
BRDA:117,13,0,0
BRDA:117,13,1,0
BRDA:119,14,0,0
BRDA:119,14,1,0
BRDA:138,15,0,0
BRDA:138,15,1,0
BRDA:140,16,0,0
BRDA:140,16,1,0
BRDA:143,17,0,0
BRDA:143,17,1,0
BRDA:156,18,0,0
BRDA:156,18,1,0
BRDA:158,19,0,0
BRDA:158,19,1,0
BRDA:169,20,0,0
BRDA:169,20,1,0
BRF:42
BRH:0
end_of_record
TN:
SF:src\hooks\calendar\useCalendarState.ts
FN:14,(anonymous_0)
FN:19,(anonymous_1)
FN:22,(anonymous_2)
FN:25,(anonymous_3)
FN:28,(anonymous_4)
FN:33,(anonymous_5)
FN:36,(anonymous_6)
FN:39,(anonymous_7)
FN:42,(anonymous_8)
FN:47,(anonymous_9)
FN:53,(anonymous_10)
FN:58,(anonymous_11)
FN:76,(anonymous_12)
FN:80,(anonymous_13)
FN:84,(anonymous_14)
FN:106,(anonymous_15)
FN:111,(anonymous_16)
FN:115,(anonymous_17)
FN:130,(anonymous_18)
FN:152,(anonymous_19)
FNF:20
FNH:13
FNDA:19,(anonymous_0)
FNDA:2,(anonymous_1)
FNDA:2,(anonymous_2)
FNDA:0,(anonymous_3)
FNDA:0,(anonymous_4)
FNDA:1,(anonymous_5)
FNDA:1,(anonymous_6)
FNDA:0,(anonymous_7)
FNDA:0,(anonymous_8)
FNDA:1,(anonymous_9)
FNDA:0,(anonymous_10)
FNDA:2,(anonymous_11)
FNDA:2,(anonymous_12)
FNDA:0,(anonymous_13)
FNDA:2,(anonymous_14)
FNDA:1,(anonymous_15)
FNDA:2,(anonymous_16)
FNDA:1,(anonymous_17)
FNDA:1,(anonymous_18)
FNDA:0,(anonymous_19)
DA:1,1
DA:3,1
DA:14,1
DA:15,19
DA:16,19
DA:17,19
DA:19,19
DA:20,2
DA:22,2
DA:23,2
DA:25,0
DA:26,0
DA:28,0
DA:29,0
DA:33,19
DA:34,1
DA:36,1
DA:37,1
DA:39,0
DA:40,0
DA:42,0
DA:43,0
DA:47,19
DA:48,1
DA:49,1
DA:50,1
DA:53,19
DA:54,0
DA:55,0
DA:58,19
DA:59,2
DA:61,2
DA:62,0
DA:64,0
DA:65,0
DA:67,0
DA:68,0
DA:70,0
DA:71,0
DA:76,19
DA:77,2
DA:80,19
DA:81,0
DA:84,19
DA:85,2
DA:87,2
DA:88,2
DA:89,2
DA:92,0
DA:93,0
DA:94,0
DA:97,0
DA:98,0
DA:99,0
DA:102,0
DA:106,19
DA:107,1
DA:108,1
DA:111,19
DA:112,2
DA:115,19
DA:116,1
DA:118,1
DA:120,0
DA:121,0
DA:122,0
DA:124,0
DA:126,0
DA:130,19
DA:131,1
DA:133,1
DA:135,0
DA:136,0
DA:137,0
DA:138,0
DA:139,0
DA:141,0
DA:148,0
DA:152,19
DA:153,0
DA:154,0
DA:155,0
DA:156,0
DA:159,19
LF:84
LH:43
BRDA:14,0,0,19
BRDA:20,1,0,2
BRDA:20,1,1,0
BRDA:20,1,2,0
BRDA:34,2,0,1
BRDA:34,2,1,0
BRDA:34,2,2,0
BRDA:61,3,0,0
BRDA:61,3,1,2
BRDA:62,4,0,0
BRDA:62,4,1,0
BRDA:62,4,2,0
BRDA:85,5,0,2
BRDA:85,5,1,0
BRDA:85,5,2,0
BRDA:85,5,3,0
BRDA:108,6,0,1
BRDA:108,6,1,1
BRDA:112,7,0,1
BRDA:112,7,1,1
BRDA:116,8,0,1
BRDA:116,8,1,0
BRDA:116,8,2,0
BRDA:116,8,3,0
BRDA:122,9,0,0
BRDA:122,9,1,0
BRDA:131,10,0,1
BRDA:131,10,1,0
BRDA:131,10,2,0
BRDA:131,10,3,0
BRF:30
BRH:11
end_of_record
TN:
SF:src\hooks\calendar\useEventModal.ts
FN:12,(anonymous_0)
FN:37,(anonymous_1)
FN:43,(anonymous_2)
FN:69,(anonymous_3)
FN:84,(anonymous_4)
FN:91,(anonymous_5)
FN:114,(anonymous_6)
FN:118,(anonymous_7)
FN:121,(anonymous_8)
FN:137,(anonymous_9)
FN:144,(anonymous_10)
FN:148,(anonymous_11)
FN:162,(anonymous_12)
FN:167,(anonymous_13)
FN:171,(anonymous_14)
FN:175,(anonymous_15)
FN:184,(anonymous_16)
FN:188,(anonymous_17)
FN:192,(anonymous_18)
FN:196,(anonymous_19)
FN:200,(anonymous_20)
FN:204,(anonymous_21)
FN:208,(anonymous_22)
FN:223,(anonymous_23)
FN:227,(anonymous_24)
FN:231,(anonymous_25)
FN:235,(anonymous_26)
FN:250,(anonymous_27)
FN:251,(anonymous_28)
FN:252,(anonymous_29)
FNF:30
FNH:0
FNDA:0,(anonymous_0)
FNDA:0,(anonymous_1)
FNDA:0,(anonymous_2)
FNDA:0,(anonymous_3)
FNDA:0,(anonymous_4)
FNDA:0,(anonymous_5)
FNDA:0,(anonymous_6)
FNDA:0,(anonymous_7)
FNDA:0,(anonymous_8)
FNDA:0,(anonymous_9)
FNDA:0,(anonymous_10)
FNDA:0,(anonymous_11)
FNDA:0,(anonymous_12)
FNDA:0,(anonymous_13)
FNDA:0,(anonymous_14)
FNDA:0,(anonymous_15)
FNDA:0,(anonymous_16)
FNDA:0,(anonymous_17)
FNDA:0,(anonymous_18)
FNDA:0,(anonymous_19)
FNDA:0,(anonymous_20)
FNDA:0,(anonymous_21)
FNDA:0,(anonymous_22)
FNDA:0,(anonymous_23)
FNDA:0,(anonymous_24)
FNDA:0,(anonymous_25)
FNDA:0,(anonymous_26)
FNDA:0,(anonymous_27)
FNDA:0,(anonymous_28)
FNDA:0,(anonymous_29)
DA:1,0
DA:3,0
DA:12,0
DA:13,0
DA:14,0
DA:15,0
DA:16,0
DA:19,0
DA:34,0
DA:37,0
DA:38,0
DA:39,0
DA:43,0
DA:44,0
DA:45,0
DA:46,0
DA:47,0
DA:50,0
DA:51,0
DA:53,0
DA:69,0
DA:70,0
DA:71,0
DA:72,0
DA:73,0
DA:75,0
DA:84,0
DA:91,0
DA:92,0
DA:93,0
DA:94,0
DA:95,0
DA:98,0
DA:114,0
DA:118,0
DA:121,0
DA:122,0
DA:124,0
DA:125,0
DA:128,0
DA:129,0
DA:131,0
DA:134,0
DA:137,0
DA:138,0
DA:139,0
DA:140,0
DA:144,0
DA:145,0
DA:148,0
DA:149,0
DA:151,0
DA:152,0
DA:155,0
DA:156,0
DA:159,0
DA:162,0
DA:163,0
DA:167,0
DA:168,0
DA:171,0
DA:172,0
DA:175,0
DA:176,0
DA:178,0
DA:179,0
DA:180,0
DA:184,0
DA:185,0
DA:188,0
DA:189,0
DA:192,0
DA:193,0
DA:196,0
DA:197,0
DA:200,0
DA:201,0
DA:204,0
DA:205,0
DA:208,0
DA:209,0
DA:212,0
DA:213,0
DA:214,0
DA:215,0
DA:216,0
DA:218,0
DA:219,0
DA:223,0
DA:224,0
DA:227,0
DA:228,0
DA:231,0
DA:232,0
DA:235,0
DA:236,0
DA:238,0
DA:250,0
DA:251,0
DA:252,0
DA:267,0
DA:268,0
DA:269,0
DA:273,0
LF:104
LH:0
BRDA:12,0,0,0
BRDA:38,1,0,0
BRDA:38,1,1,0
BRDA:38,2,0,0
BRDA:38,2,1,0
BRDA:47,3,0,0
BRDA:47,3,1,0
BRDA:50,4,0,0
BRDA:50,4,1,0
BRDA:77,5,0,0
BRDA:77,5,1,0
BRDA:83,6,0,0
BRDA:83,6,1,0
BRDA:122,7,0,0
BRDA:122,7,1,0
BRDA:128,8,0,0
BRDA:128,8,1,0
BRDA:128,9,0,0
BRDA:128,9,1,0
BRDA:138,10,0,0
BRDA:138,10,1,0
BRDA:151,11,0,0
BRDA:151,11,1,0
BRDA:155,12,0,0
BRDA:155,12,1,0
BRDA:178,13,0,0
BRDA:178,13,1,0
BRDA:212,14,0,0
BRDA:212,14,1,0
BRDA:236,15,0,0
BRDA:236,15,1,0
BRDA:236,16,0,0
BRDA:236,16,1,0
BRF:33
BRH:0
end_of_record
TN:
SF:src\hooks\calendar\useNotifications.ts
FN:4,(anonymous_0)
FN:16,(anonymous_1)
FN:23,(anonymous_2)
FN:44,(anonymous_3)
FN:62,(anonymous_4)
FN:83,(anonymous_5)
FN:103,(anonymous_6)
FN:104,(anonymous_7)
FN:105,(anonymous_8)
FN:112,(anonymous_9)
FN:113,(anonymous_10)
FN:114,(anonymous_11)
FN:119,(anonymous_12)
FN:120,(anonymous_13)
FN:120,(anonymous_14)
FN:124,(anonymous_15)
FN:129,(anonymous_16)
FN:130,(anonymous_17)
FN:134,(anonymous_18)
FN:136,(anonymous_19)
FN:141,(anonymous_20)
FN:142,(anonymous_21)
FN:155,(anonymous_22)
FN:160,(anonymous_23)
FN:168,(anonymous_24)
FN:192,(anonymous_25)
FN:196,(anonymous_26)
FN:201,(anonymous_27)
FN:204,(anonymous_28)
FNF:29
FNH:13
FNDA:17,(anonymous_0)
FNDA:11,(anonymous_1)
FNDA:2,(anonymous_2)
FNDA:2,(anonymous_3)
FNDA:2,(anonymous_4)
FNDA:1,(anonymous_5)
FNDA:0,(anonymous_6)
FNDA:0,(anonymous_7)
FNDA:0,(anonymous_8)
FNDA:0,(anonymous_9)
FNDA:0,(anonymous_10)
FNDA:0,(anonymous_11)
FNDA:1,(anonymous_12)
FNDA:1,(anonymous_13)
FNDA:0,(anonymous_14)
FNDA:0,(anonymous_15)
FNDA:17,(anonymous_16)
FNDA:2,(anonymous_17)
FNDA:0,(anonymous_18)
FNDA:0,(anonymous_19)
FNDA:1,(anonymous_20)
FNDA:1,(anonymous_21)
FNDA:11,(anonymous_22)
FNDA:0,(anonymous_23)
FNDA:0,(anonymous_24)
FNDA:0,(anonymous_25)
FNDA:0,(anonymous_26)
FNDA:0,(anonymous_27)
FNDA:0,(anonymous_28)
DA:1,1
DA:4,1
DA:5,17
DA:6,17
DA:13,17
DA:16,17
DA:17,11
DA:18,11
DA:23,17
DA:24,2
DA:25,0
DA:26,0
DA:29,2
DA:30,0
DA:31,0
DA:34,2
DA:35,2
DA:36,2
DA:37,2
DA:40,0
DA:44,17
DA:51,2
DA:62,2
DA:65,2
DA:66,0
DA:75,2
DA:76,0
DA:79,2
DA:83,17
DA:84,1
DA:85,1
DA:88,1
DA:89,1
DA:93,1
DA:103,17
DA:104,0
DA:105,0
DA:106,0
DA:112,17
DA:113,0
DA:114,0
DA:119,17
DA:120,1
DA:124,17
DA:125,0
DA:129,17
DA:130,17
DA:134,17
DA:135,0
DA:136,0
DA:141,17
DA:142,1
DA:145,1
DA:146,1
DA:147,1
DA:148,1
DA:150,0
DA:155,17
DA:156,11
DA:157,11
DA:158,11
DA:159,0
DA:160,0
DA:163,0
DA:168,17
DA:169,0
DA:171,0
DA:172,0
DA:173,0
DA:175,0
DA:176,0
DA:178,0
DA:179,0
DA:181,0
DA:182,0
DA:184,0
DA:185,0
DA:187,0
DA:192,17
DA:193,0
DA:195,0
DA:196,0
DA:197,0
DA:198,0
DA:201,0
DA:203,0
DA:204,0
DA:207,0
DA:208,0
DA:213,17
LF:90
LH:48
BRDA:17,0,0,11
BRDA:17,0,1,0
BRDA:24,1,0,0
BRDA:24,1,1,2
BRDA:29,2,0,0
BRDA:29,2,1,2
BRDA:34,3,0,2
BRDA:34,3,1,0
BRDA:48,4,0,1
BRDA:65,5,0,0
BRDA:65,5,1,2
BRDA:65,6,0,2
BRDA:65,6,1,0
BRDA:75,7,0,0
BRDA:75,7,1,2
BRDA:88,8,0,1
BRDA:88,8,1,0
BRDA:89,9,0,0
BRDA:89,9,1,1
BRDA:97,10,0,0
BRDA:97,10,1,1
BRDA:106,11,0,0
BRDA:106,11,1,0
BRDA:134,12,0,0
BRDA:146,13,0,1
BRDA:146,13,1,1
BRDA:158,14,0,0
BRDA:158,14,1,11
BRDA:171,15,0,0
BRDA:171,15,1,0
BRDA:193,16,0,0
BRDA:193,16,1,0
BRDA:198,17,0,0
BRDA:198,17,1,0
BRDA:204,18,0,0
BRDA:204,18,1,0
BRDA:207,19,0,0
BRDA:207,19,1,0
BRF:38
BRH:14
end_of_record
TN:
SF:src\hooks\calendar\useOfflineSync.ts
FN:22,(anonymous_0)
FN:33,(anonymous_1)
FN:34,(anonymous_2)
FN:43,(anonymous_3)
FN:44,(anonymous_4)
FN:48,(anonymous_5)
FN:63,(anonymous_6)
FN:70,(anonymous_7)
FN:84,(anonymous_8)
FN:96,(anonymous_9)
FN:109,(anonymous_10)
FN:113,(anonymous_11)
FN:123,(anonymous_12)
FN:124,(anonymous_13)
FN:125,(anonymous_14)
FN:138,(anonymous_15)
FN:143,(anonymous_16)
FN:148,(anonymous_17)
FN:153,(anonymous_18)
FN:174,(anonymous_19)
FN:192,(anonymous_20)
FN:193,(anonymous_21)
FN:197,(anonymous_22)
FN:198,(anonymous_23)
FNF:24
FNH:0
FNDA:0,(anonymous_0)
FNDA:0,(anonymous_1)
FNDA:0,(anonymous_2)
FNDA:0,(anonymous_3)
FNDA:0,(anonymous_4)
FNDA:0,(anonymous_5)
FNDA:0,(anonymous_6)
FNDA:0,(anonymous_7)
FNDA:0,(anonymous_8)
FNDA:0,(anonymous_9)
FNDA:0,(anonymous_10)
FNDA:0,(anonymous_11)
FNDA:0,(anonymous_12)
FNDA:0,(anonymous_13)
FNDA:0,(anonymous_14)
FNDA:0,(anonymous_15)
FNDA:0,(anonymous_16)
FNDA:0,(anonymous_17)
FNDA:0,(anonymous_18)
FNDA:0,(anonymous_19)
FNDA:0,(anonymous_20)
FNDA:0,(anonymous_21)
FNDA:0,(anonymous_22)
FNDA:0,(anonymous_23)
DA:1,0
DA:3,0
DA:22,0
DA:28,0
DA:29,0
DA:30,0
DA:33,0
DA:34,0
DA:35,0
DA:36,0
DA:39,0
DA:43,0
DA:44,0
DA:45,0
DA:46,0
DA:47,0
DA:48,0
DA:52,0
DA:55,0
DA:59,0
DA:63,0
DA:64,0
DA:65,0
DA:70,0
DA:71,0
DA:72,0
DA:75,0
DA:77,0
DA:80,0
DA:84,0
DA:85,0
DA:86,0
DA:89,0
DA:90,0
DA:92,0
DA:96,0
DA:97,0
DA:98,0
DA:101,0
DA:102,0
DA:104,0
DA:109,0
DA:110,0
DA:113,0
DA:114,0
DA:115,0
DA:116,0
DA:118,0
DA:123,0
DA:124,0
DA:125,0
DA:126,0
DA:129,0
DA:130,0
DA:131,0
DA:133,0
DA:138,0
DA:139,0
DA:143,0
DA:144,0
DA:148,0
DA:149,0
DA:153,0
DA:154,0
DA:155,0
DA:158,0
DA:159,0
DA:162,0
DA:163,0
DA:166,0
DA:167,0
DA:170,0
DA:174,0
DA:175,0
DA:176,0
DA:179,0
DA:180,0
DA:182,0
DA:183,0
DA:185,0
DA:186,0
DA:188,0
DA:192,0
DA:193,0
DA:197,0
DA:198,0
DA:201,0
LF:87
LH:0
BRDA:47,0,0,0
BRDA:47,0,1,0
BRDA:64,1,0,0
BRDA:64,1,1,0
BRDA:71,2,0,0
BRDA:71,2,1,0
BRDA:75,3,0,0
BRDA:75,3,1,0
BRDA:85,4,0,0
BRDA:85,4,1,0
BRDA:89,5,0,0
BRDA:89,5,1,0
BRDA:97,6,0,0
BRDA:97,6,1,0
BRDA:101,7,0,0
BRDA:101,7,1,0
BRDA:124,8,0,0
BRDA:124,8,1,0
BRDA:154,9,0,0
BRDA:154,9,1,0
BRDA:158,10,0,0
BRDA:158,10,1,0
BRDA:162,11,0,0
BRDA:162,11,1,0
BRDA:166,12,0,0
BRDA:166,12,1,0
BRDA:175,13,0,0
BRDA:175,13,1,0
BRDA:182,14,0,0
BRDA:182,14,1,0
BRDA:183,15,0,0
BRDA:183,15,1,0
BRDA:186,16,0,0
BRDA:186,16,1,0
BRF:34
BRH:0
end_of_record
TN:
SF:src\hooks\calendar\useRecurrence.ts
FN:21,(anonymous_0)
FN:32,(anonymous_1)
FN:38,(anonymous_2)
FN:45,(anonymous_3)
FN:53,(anonymous_4)
FN:63,(anonymous_5)
FN:66,(anonymous_6)
FN:67,(anonymous_7)
FN:81,(anonymous_8)
FN:84,(anonymous_9)
FN:84,(anonymous_10)
FN:89,(anonymous_11)
FN:92,(anonymous_12)
FN:101,(anonymous_13)
FN:110,(anonymous_14)
FN:111,(anonymous_15)
FN:113,(anonymous_16)
FN:121,(anonymous_17)
FN:147,(anonymous_18)
FN:166,(anonymous_19)
FN:171,(anonymous_20)
FN:175,(anonymous_21)
FN:182,(anonymous_22)
FN:192,(anonymous_23)
FN:201,(anonymous_24)
FN:204,(anonymous_25)
FN:206,(anonymous_26)
FN:220,(anonymous_27)
FN:221,(anonymous_28)
FN:228,(anonymous_29)
FN:229,(anonymous_30)
FN:234,(anonymous_31)
FN:238,(anonymous_32)
FN:245,(anonymous_33)
FN:249,(anonymous_34)
FN:260,(anonymous_35)
FN:265,(anonymous_36)
FN:270,(anonymous_37)
FN:277,(anonymous_38)
FN:282,(anonymous_39)
FN:285,(anonymous_40)
FN:286,(anonymous_41)
FN:290,(anonymous_42)
FN:301,(anonymous_43)
FN:306,(anonymous_44)
FN:320,(anonymous_45)
FN:321,(anonymous_46)
FN:344,(anonymous_47)
FN:348,(anonymous_48)
FNF:49
FNH:0
FNDA:0,(anonymous_0)
FNDA:0,(anonymous_1)
FNDA:0,(anonymous_2)
FNDA:0,(anonymous_3)
FNDA:0,(anonymous_4)
FNDA:0,(anonymous_5)
FNDA:0,(anonymous_6)
FNDA:0,(anonymous_7)
FNDA:0,(anonymous_8)
FNDA:0,(anonymous_9)
FNDA:0,(anonymous_10)
FNDA:0,(anonymous_11)
FNDA:0,(anonymous_12)
FNDA:0,(anonymous_13)
FNDA:0,(anonymous_14)
FNDA:0,(anonymous_15)
FNDA:0,(anonymous_16)
FNDA:0,(anonymous_17)
FNDA:0,(anonymous_18)
FNDA:0,(anonymous_19)
FNDA:0,(anonymous_20)
FNDA:0,(anonymous_21)
FNDA:0,(anonymous_22)
FNDA:0,(anonymous_23)
FNDA:0,(anonymous_24)
FNDA:0,(anonymous_25)
FNDA:0,(anonymous_26)
FNDA:0,(anonymous_27)
FNDA:0,(anonymous_28)
FNDA:0,(anonymous_29)
FNDA:0,(anonymous_30)
FNDA:0,(anonymous_31)
FNDA:0,(anonymous_32)
FNDA:0,(anonymous_33)
FNDA:0,(anonymous_34)
FNDA:0,(anonymous_35)
FNDA:0,(anonymous_36)
FNDA:0,(anonymous_37)
FNDA:0,(anonymous_38)
FNDA:0,(anonymous_39)
FNDA:0,(anonymous_40)
FNDA:0,(anonymous_41)
FNDA:0,(anonymous_42)
FNDA:0,(anonymous_43)
FNDA:0,(anonymous_44)
FNDA:0,(anonymous_45)
FNDA:0,(anonymous_46)
FNDA:0,(anonymous_47)
FNDA:0,(anonymous_48)
DA:1,0
DA:3,0
DA:21,0
DA:27,0
DA:28,0
DA:29,0
DA:32,0
DA:33,0
DA:34,0
DA:38,0
DA:39,0
DA:40,0
DA:41,0
DA:44,0
DA:45,0
DA:48,0
DA:49,0
DA:50,0
DA:52,0
DA:53,0
DA:54,0
DA:55,0
DA:59,0
DA:63,0
DA:64,0
DA:65,0
DA:66,0
DA:67,0
DA:68,0
DA:75,0
DA:77,0
DA:81,0
DA:82,0
DA:83,0
DA:84,0
DA:87,0
DA:88,0
DA:90,0
DA:93,0
DA:97,0
DA:101,0
DA:107,0
DA:108,0
DA:110,0
DA:111,0
DA:112,0
DA:113,0
DA:114,0
DA:117,0
DA:119,0
DA:122,0
DA:129,0
DA:136,0
DA:142,0
DA:147,0
DA:148,0
DA:152,0
DA:153,0
DA:154,0
DA:155,0
DA:157,0
DA:158,0
DA:162,0
DA:166,0
DA:167,0
DA:168,0
DA:171,0
DA:172,0
DA:175,0
DA:176,0
DA:177,0
DA:182,0
DA:183,0
DA:186,0
DA:187,0
DA:188,0
DA:189,0
DA:191,0
DA:192,0
DA:193,0
DA:194,0
DA:201,0
DA:202,0
DA:204,0
DA:206,0
DA:207,0
DA:210,0
DA:211,0
DA:212,0
DA:216,0
DA:220,0
DA:221,0
DA:222,0
DA:224,0
DA:228,0
DA:229,0
DA:230,0
DA:234,0
DA:235,0
DA:236,0
DA:238,0
DA:239,0
DA:241,0
DA:245,0
DA:246,0
DA:247,0
DA:249,0
DA:250,0
DA:252,0
DA:253,0
DA:254,0
DA:256,0
DA:260,0
DA:261,0
DA:265,0
DA:266,0
DA:270,0
DA:271,0
DA:277,0
DA:278,0
DA:282,0
DA:283,0
DA:284,0
DA:285,0
DA:286,0
DA:287,0
DA:288,0
DA:290,0
DA:293,0
DA:297,0
DA:301,0
DA:306,0
DA:307,0
DA:309,0
DA:311,0
DA:312,0
DA:314,0
DA:315,0
DA:319,0
DA:320,0
DA:322,0
DA:323,0
DA:329,0
DA:330,0
DA:332,0
DA:333,0
DA:336,0
DA:337,0
DA:344,0
DA:348,0
DA:349,0
DA:351,0
DA:353,0
DA:354,0
DA:355,0
DA:358,0
DA:359,0
DA:364,0
DA:365,0
DA:367,0
DA:370,0
DA:371,0
DA:377,0
LF:163
LH:0
BRDA:40,0,0,0
BRDA:40,0,1,0
BRDA:54,1,0,0
BRDA:54,1,1,0
BRDA:65,2,0,0
BRDA:65,2,1,0
BRDA:68,3,0,0
BRDA:68,3,1,0
BRDA:83,4,0,0
BRDA:83,4,1,0
BRDA:87,5,0,0
BRDA:87,5,1,0
BRDA:105,6,0,0
BRDA:108,7,0,0
BRDA:108,7,1,0
BRDA:112,8,0,0
BRDA:112,8,1,0
BRDA:117,9,0,0
BRDA:117,9,1,0
BRDA:122,10,0,0
BRDA:122,10,1,0
BRDA:148,11,0,0
BRDA:148,11,1,0
BRDA:152,12,0,0
BRDA:152,12,1,0
BRDA:153,13,0,0
BRDA:153,13,1,0
BRDA:154,14,0,0
BRDA:154,14,1,0
BRDA:157,15,0,0
BRDA:157,15,1,0
BRDA:157,16,0,0
BRDA:157,16,1,0
BRDA:168,17,0,0
BRDA:168,17,1,0
BRDA:176,18,0,0
BRDA:176,18,1,0
BRDA:186,19,0,0
BRDA:186,19,1,0
BRDA:193,20,0,0
BRDA:193,20,1,0
BRDA:210,21,0,0
BRDA:210,21,1,0
BRDA:222,22,0,0
BRDA:222,22,1,0
BRDA:224,23,0,0
BRDA:224,23,1,0
BRDA:236,24,0,0
BRDA:236,24,1,0
BRDA:239,25,0,0
BRDA:239,25,1,0
BRDA:247,26,0,0
BRDA:247,26,1,0
BRDA:250,27,0,0
BRDA:250,27,1,0
BRDA:252,28,0,0
BRDA:252,28,1,0
BRDA:253,29,0,0
BRDA:253,29,1,0
BRDA:271,30,0,0
BRDA:271,30,1,0
BRDA:271,30,2,0
BRDA:284,31,0,0
BRDA:284,31,1,0
BRDA:287,32,0,0
BRDA:287,32,1,0
BRDA:304,33,0,0
BRDA:307,34,0,0
BRDA:307,34,1,0
BRDA:309,35,0,0
BRDA:309,35,1,0
BRDA:312,36,0,0
BRDA:312,36,1,0
BRDA:314,37,0,0
BRDA:314,37,1,0
BRDA:322,38,0,0
BRDA:322,38,1,0
BRDA:330,39,0,0
BRDA:330,39,1,0
BRDA:336,40,0,0
BRDA:336,40,1,0
BRDA:346,41,0,0
BRDA:349,42,0,0
BRDA:349,42,1,0
BRDA:351,43,0,0
BRDA:351,43,1,0
BRDA:354,44,0,0
BRDA:354,44,1,0
BRDA:358,45,0,0
BRDA:358,45,1,0
BRDA:365,46,0,0
BRDA:365,46,1,0
BRDA:370,47,0,0
BRDA:370,47,1,0
BRF:94
BRH:0
end_of_record
TN:
SF:src\lib\utils.ts
FN:4,cn
FN:11,(anonymous_1)
FN:37,(anonymous_2)
FN:52,(anonymous_3)
FN:76,(anonymous_4)
FNF:5
FNH:0
FNDA:0,cn
FNDA:0,(anonymous_1)
FNDA:0,(anonymous_2)
FNDA:0,(anonymous_3)
FNDA:0,(anonymous_4)
DA:1,0
DA:2,0
DA:4,0
DA:5,0
DA:11,0
DA:13,0
DA:24,0
DA:25,0
DA:26,0
DA:27,0
DA:31,0
DA:37,0
DA:38,0
DA:52,0
DA:54,0
DA:63,0
DA:64,0
DA:65,0
DA:66,0
DA:70,0
DA:76,0
DA:77,0
LF:22
LH:0
BRDA:26,0,0,0
BRDA:26,0,1,0
BRDA:26,1,0,0
BRDA:26,1,1,0
BRDA:65,2,0,0
BRDA:65,2,1,0
BRDA:65,3,0,0
BRDA:65,3,1,0
BRF:8
BRH:0
end_of_record
TN:
SF:src\pages\Jots.tsx
FN:14,(anonymous_0)
FN:21,(anonymous_1)
FN:36,(anonymous_2)
FN:57,(anonymous_3)
FN:61,(anonymous_4)
FN:67,(anonymous_5)
FN:93,(anonymous_6)
FN:101,(anonymous_7)
FN:110,(anonymous_8)
FN:116,(anonymous_9)
FN:128,(anonymous_10)
FN:144,(anonymous_11)
FN:149,(anonymous_12)
FN:152,(anonymous_13)
FN:170,(anonymous_14)
FN:175,(anonymous_15)
FN:187,(anonymous_16)
FN:219,(anonymous_17)
FN:229,(anonymous_18)
FN:236,(anonymous_19)
FN:250,(anonymous_20)
FN:292,(anonymous_21)
FN:303,(anonymous_22)
FN:313,(anonymous_23)
FN:320,(anonymous_24)
FN:341,(anonymous_25)
FN:345,(anonymous_26)
FNF:27
FNH:0
FNDA:0,(anonymous_0)
FNDA:0,(anonymous_1)
FNDA:0,(anonymous_2)
FNDA:0,(anonymous_3)
FNDA:0,(anonymous_4)
FNDA:0,(anonymous_5)
FNDA:0,(anonymous_6)
FNDA:0,(anonymous_7)
FNDA:0,(anonymous_8)
FNDA:0,(anonymous_9)
FNDA:0,(anonymous_10)
FNDA:0,(anonymous_11)
FNDA:0,(anonymous_12)
FNDA:0,(anonymous_13)
FNDA:0,(anonymous_14)
FNDA:0,(anonymous_15)
FNDA:0,(anonymous_16)
FNDA:0,(anonymous_17)
FNDA:0,(anonymous_18)
FNDA:0,(anonymous_19)
FNDA:0,(anonymous_20)
FNDA:0,(anonymous_21)
FNDA:0,(anonymous_22)
FNDA:0,(anonymous_23)
FNDA:0,(anonymous_24)
FNDA:0,(anonymous_25)
FNDA:0,(anonymous_26)
DA:1,0
DA:2,0
DA:3,0
DA:4,0
DA:5,0
DA:14,0
DA:21,0
DA:22,0
DA:23,0
DA:24,0
DA:25,0
DA:26,0
DA:27,0
DA:28,0
DA:29,0
DA:30,0
DA:31,0
DA:32,0
DA:33,0
DA:36,0
DA:37,0
DA:39,0
DA:40,0
DA:42,0
DA:43,0
DA:44,0
DA:45,0
DA:46,0
DA:47,0
DA:50,0
DA:51,0
DA:53,0
DA:57,0
DA:58,0
DA:61,0
DA:62,0
DA:63,0
DA:67,0
DA:68,0
DA:70,0
DA:71,0
DA:72,0
DA:77,0
DA:78,0
DA:79,0
DA:80,0
DA:81,0
DA:82,0
DA:83,0
DA:86,0
DA:87,0
DA:89,0
DA:93,0
DA:94,0
DA:96,0
DA:97,0
DA:98,0
DA:99,0
DA:100,0
DA:101,0
DA:102,0
DA:105,0
DA:106,0
DA:110,0
DA:111,0
DA:112,0
DA:113,0
DA:116,0
DA:117,0
DA:119,0
DA:120,0
DA:121,0
DA:125,0
DA:126,0
DA:127,0
DA:128,0
DA:129,0
DA:133,0
DA:134,0
DA:137,0
DA:138,0
DA:140,0
DA:144,0
DA:145,0
DA:146,0
DA:149,0
DA:150,0
DA:152,0
DA:153,0
DA:159,0
DA:160,0
DA:162,0
DA:165,0
DA:169,0
DA:170,0
DA:173,0
DA:175,0
DA:176,0
DA:178,0
DA:187,0
DA:219,0
DA:229,0
DA:236,0
DA:251,0
DA:266,0
DA:267,0
DA:274,0
DA:292,0
DA:303,0
DA:313,0
DA:321,0
DA:322,0
DA:342,0
DA:346,0
LF:114
LH:0
BRDA:18,0,0,0
BRDA:18,0,1,0
BRDA:37,1,0,0
BRDA:37,1,1,0
BRDA:44,2,0,0
BRDA:44,2,1,0
BRDA:46,3,0,0
BRDA:46,3,1,0
BRDA:62,4,0,0
BRDA:62,4,1,0
BRDA:62,5,0,0
BRDA:62,5,1,0
BRDA:68,6,0,0
BRDA:68,6,1,0
BRDA:77,7,0,0
BRDA:77,7,1,0
BRDA:79,8,0,0
BRDA:79,8,1,0
BRDA:98,9,0,0
BRDA:98,9,1,0
BRDA:100,10,0,0
BRDA:100,10,1,0
BRDA:117,11,0,0
BRDA:117,11,1,0
BRDA:117,12,0,0
BRDA:117,12,1,0
BRDA:125,13,0,0
BRDA:125,13,1,0
BRDA:127,14,0,0
BRDA:127,14,1,0
BRDA:129,15,0,0
BRDA:129,15,1,0
BRDA:159,16,0,0
BRDA:159,16,1,0
BRDA:169,17,0,0
BRDA:169,17,1,0
BRDA:183,18,0,0
BRDA:183,18,1,0
BRDA:198,19,0,0
BRDA:198,19,1,0
BRDA:211,20,0,0
BRDA:211,20,1,0
BRDA:219,21,0,0
BRDA:219,21,1,0
BRDA:226,22,0,0
BRDA:226,22,1,0
BRDA:248,23,0,0
BRDA:248,23,1,0
BRDA:266,24,0,0
BRDA:266,24,1,0
BRDA:279,25,0,0
BRDA:279,25,1,0
BRDA:281,26,0,0
BRDA:281,26,1,0
BRDA:300,27,0,0
BRDA:300,27,1,0
BRDA:308,28,0,0
BRDA:308,28,1,0
BRDA:330,29,0,0
BRDA:330,29,1,0
BRDA:333,30,0,0
BRDA:333,30,1,0
BRDA:340,31,0,0
BRDA:340,31,1,0
BRDA:356,32,0,0
BRDA:356,32,1,0
BRDA:359,33,0,0
BRDA:359,33,1,0
BRF:68
BRH:0
end_of_record
TN:
SF:src\pages\LoginPage.tsx
FN:6,(anonymous_0)
FN:17,(anonymous_1)
FN:24,(anonymous_2)
FN:29,(anonymous_3)
FN:174,(anonymous_4)
FN:203,(anonymous_5)
FN:210,(anonymous_6)
FNF:7
FNH:0
FNDA:0,(anonymous_0)
FNDA:0,(anonymous_1)
FNDA:0,(anonymous_2)
FNDA:0,(anonymous_3)
FNDA:0,(anonymous_4)
FNDA:0,(anonymous_5)
FNDA:0,(anonymous_6)
DA:1,0
DA:2,0
DA:3,0
DA:4,0
DA:6,0
DA:7,0
DA:8,0
DA:10,0
DA:11,0
DA:12,0
DA:13,0
DA:14,0
DA:17,0
DA:18,0
DA:19,0
DA:24,0
DA:25,0
DA:26,0
DA:29,0
DA:30,0
DA:31,0
DA:34,0
DA:35,0
DA:36,0
DA:38,0
DA:39,0
DA:40,0
DA:43,0
DA:45,0
DA:47,0
DA:49,0
DA:50,0
DA:54,0
DA:56,0
DA:57,0
DA:67,0
DA:174,0
DA:203,0
DA:210,0
LF:39
LH:0
BRDA:18,0,0,0
BRDA:18,0,1,0
BRDA:18,1,0,0
BRDA:18,1,1,0
BRDA:25,2,0,0
BRDA:25,2,1,0
BRDA:26,3,0,0
BRDA:26,3,1,0
BRDA:34,4,0,0
BRDA:34,4,1,0
BRDA:38,5,0,0
BRDA:38,5,1,0
BRDA:49,6,0,0
BRDA:49,6,1,0
BRDA:54,7,0,0
BRDA:54,7,1,0
BRDA:56,8,0,0
BRDA:56,8,1,0
BRDA:152,9,0,0
BRDA:152,9,1,0
BRDA:201,10,0,0
BRDA:201,10,1,0
BRDA:213,11,0,0
BRDA:213,11,1,0
BRDA:224,12,0,0
BRDA:224,12,1,0
BRF:26
BRH:0
end_of_record
TN:
SF:src\pages\NoteEditor.tsx
FN:20,(anonymous_0)
FN:30,(anonymous_1)
FN:52,(anonymous_2)
FN:59,(anonymous_3)
FN:80,(anonymous_4)
FN:84,(anonymous_5)
FN:88,(anonymous_6)
FN:90,(anonymous_7)
FN:94,(anonymous_8)
FN:99,(anonymous_9)
FN:100,(anonymous_10)
FN:141,(anonymous_11)
FN:146,(anonymous_12)
FN:195,(anonymous_13)
FN:198,(anonymous_14)
FN:206,(anonymous_15)
FN:210,(anonymous_16)
FN:214,(anonymous_17)
FN:231,(anonymous_18)
FN:244,(anonymous_19)
FN:265,(anonymous_20)
FN:279,(anonymous_21)
FN:284,(anonymous_22)
FN:289,(anonymous_23)
FN:310,(anonymous_24)
FN:327,(anonymous_25)
FN:352,(anonymous_26)
FN:359,(anonymous_27)
FN:382,(anonymous_28)
FN:418,(anonymous_29)
FN:429,(anonymous_30)
FN:447,(anonymous_31)
FN:459,(anonymous_32)
FN:469,(anonymous_33)
FN:476,(anonymous_34)
FNF:35
FNH:0
FNDA:0,(anonymous_0)
FNDA:0,(anonymous_1)
FNDA:0,(anonymous_2)
FNDA:0,(anonymous_3)
FNDA:0,(anonymous_4)
FNDA:0,(anonymous_5)
FNDA:0,(anonymous_6)
FNDA:0,(anonymous_7)
FNDA:0,(anonymous_8)
FNDA:0,(anonymous_9)
FNDA:0,(anonymous_10)
FNDA:0,(anonymous_11)
FNDA:0,(anonymous_12)
FNDA:0,(anonymous_13)
FNDA:0,(anonymous_14)
FNDA:0,(anonymous_15)
FNDA:0,(anonymous_16)
FNDA:0,(anonymous_17)
FNDA:0,(anonymous_18)
FNDA:0,(anonymous_19)
FNDA:0,(anonymous_20)
FNDA:0,(anonymous_21)
FNDA:0,(anonymous_22)
FNDA:0,(anonymous_23)
FNDA:0,(anonymous_24)
FNDA:0,(anonymous_25)
FNDA:0,(anonymous_26)
FNDA:0,(anonymous_27)
FNDA:0,(anonymous_28)
FNDA:0,(anonymous_29)
FNDA:0,(anonymous_30)
FNDA:0,(anonymous_31)
FNDA:0,(anonymous_32)
FNDA:0,(anonymous_33)
FNDA:0,(anonymous_34)
DA:1,0
DA:2,0
DA:3,0
DA:4,0
DA:5,0
DA:6,0
DA:7,0
DA:8,0
DA:20,0
DA:30,0
DA:31,0
DA:32,0
DA:33,0
DA:34,0
DA:35,0
DA:36,0
DA:37,0
DA:38,0
DA:39,0
DA:40,0
DA:41,0
DA:42,0
DA:43,0
DA:44,0
DA:45,0
DA:46,0
DA:47,0
DA:48,0
DA:49,0
DA:52,0
DA:53,0
DA:55,0
DA:56,0
DA:57,0
DA:58,0
DA:59,0
DA:60,0
DA:63,0
DA:64,0
DA:65,0
DA:66,0
DA:67,0
DA:68,0
DA:69,0
DA:70,0
DA:71,0
DA:72,0
DA:73,0
DA:76,0
DA:77,0
DA:79,0
DA:80,0
DA:84,0
DA:85,0
DA:88,0
DA:89,0
DA:90,0
DA:91,0
DA:94,0
DA:99,0
DA:100,0
DA:101,0
DA:104,0
DA:105,0
DA:108,0
DA:109,0
DA:110,0
DA:114,0
DA:116,0
DA:126,0
DA:127,0
DA:128,0
DA:130,0
DA:135,0
DA:136,0
DA:140,0
DA:141,0
DA:142,0
DA:146,0
DA:147,0
DA:148,0
DA:150,0
DA:151,0
DA:153,0
DA:159,0
DA:160,0
DA:161,0
DA:162,0
DA:163,0
DA:164,0
DA:165,0
DA:169,0
DA:177,0
DA:178,0
DA:179,0
DA:180,0
DA:181,0
DA:182,0
DA:183,0
DA:185,0
DA:189,0
DA:190,0
DA:191,0
DA:195,0
DA:196,0
DA:197,0
DA:198,0
DA:199,0
DA:200,0
DA:201,0
DA:202,0
DA:206,0
DA:207,0
DA:210,0
DA:213,0
DA:214,0
DA:215,0
DA:216,0
DA:226,0
DA:230,0
DA:231,0
DA:232,0
DA:233,0
DA:239,0
DA:243,0
DA:244,0
DA:245,0
DA:246,0
DA:247,0
DA:251,0
DA:264,0
DA:265,0
DA:267,0
DA:268,0
DA:271,0
DA:272,0
DA:274,0
DA:278,0
DA:279,0
DA:280,0
DA:284,0
DA:285,0
DA:289,0
DA:290,0
DA:293,0
DA:296,0
DA:297,0
DA:304,0
DA:310,0
DA:328,0
DA:329,0
DA:352,0
DA:359,0
DA:383,0
DA:384,0
DA:418,0
DA:430,0
DA:431,0
DA:447,0
DA:459,0
DA:469,0
DA:476,0
LF:162
LH:0
BRDA:24,0,0,0
BRDA:24,0,1,0
BRDA:53,1,0,0
BRDA:53,1,1,0
BRDA:53,2,0,0
BRDA:53,2,1,0
BRDA:53,2,2,0
BRDA:66,3,0,0
BRDA:66,3,1,0
BRDA:68,4,0,0
BRDA:68,4,1,0
BRDA:89,5,0,0
BRDA:89,5,1,0
BRDA:104,6,0,0
BRDA:104,6,1,0
BRDA:105,7,0,0
BRDA:105,7,1,0
BRDA:108,8,0,0
BRDA:108,8,1,0
BRDA:108,9,0,0
BRDA:108,9,1,0
BRDA:114,10,0,0
BRDA:114,10,1,0
BRDA:114,11,0,0
BRDA:114,11,1,0
BRDA:116,12,0,0
BRDA:116,12,1,0
BRDA:116,12,2,0
BRDA:116,12,3,0
BRDA:116,12,4,0
BRDA:116,12,5,0
BRDA:116,12,6,0
BRDA:116,12,7,0
BRDA:116,12,8,0
BRDA:126,13,0,0
BRDA:126,13,1,0
BRDA:127,14,0,0
BRDA:127,14,1,0
BRDA:135,15,0,0
BRDA:135,15,1,0
BRDA:151,16,0,0
BRDA:151,16,1,0
BRDA:154,17,0,0
BRDA:154,17,1,0
BRDA:159,18,0,0
BRDA:159,18,1,0
BRDA:162,19,0,0
BRDA:162,19,1,0
BRDA:170,20,0,0
BRDA:170,20,1,0
BRDA:177,21,0,0
BRDA:177,21,1,0
BRDA:180,22,0,0
BRDA:180,22,1,0
BRDA:196,23,0,0
BRDA:196,23,1,0
BRDA:196,24,0,0
BRDA:196,24,1,0
BRDA:267,25,0,0
BRDA:267,25,1,0
BRDA:271,26,0,0
BRDA:271,26,1,0
BRDA:271,27,0,0
BRDA:271,27,1,0
BRDA:271,27,2,0
BRDA:296,28,0,0
BRDA:296,28,1,0
BRDA:307,29,0,0
BRDA:307,29,1,0
BRDA:337,30,0,0
BRDA:337,30,1,0
BRDA:343,31,0,0
BRDA:343,31,1,0
BRDA:346,32,0,0
BRDA:346,32,1,0
BRDA:353,33,0,0
BRDA:353,33,1,0
BRDA:360,34,0,0
BRDA:360,34,1,0
BRDA:390,35,0,0
BRDA:390,35,1,0
BRDA:395,36,0,0
BRDA:395,36,1,0
BRDA:414,37,0,0
BRDA:414,37,1,0
BRDA:441,38,0,0
BRDA:441,38,1,0
BRF:87
BRH:0
end_of_record
TN:
SF:src\pages\Notes.tsx
FN:18,(anonymous_0)
FN:28,(anonymous_1)
FN:39,(anonymous_2)
FN:60,(anonymous_3)
FN:64,(anonymous_4)
FN:68,(anonymous_5)
FN:72,(anonymous_6)
FN:78,(anonymous_7)
FN:88,(anonymous_8)
FN:89,(anonymous_9)
FN:99,(anonymous_10)
FN:112,(anonymous_11)
FN:115,(anonymous_12)
FN:116,(anonymous_13)
FN:118,(anonymous_14)
FN:122,(anonymous_15)
FN:126,(anonymous_16)
FN:136,(anonymous_17)
FN:149,(anonymous_18)
FN:159,(anonymous_19)
FN:176,(anonymous_20)
FN:192,(anonymous_21)
FN:196,(anonymous_22)
FN:205,(anonymous_23)
FN:220,(anonymous_24)
FN:229,(anonymous_25)
FN:241,(anonymous_26)
FN:251,(anonymous_27)
FN:308,(anonymous_28)
FN:315,(anonymous_29)
FN:327,(anonymous_30)
FN:339,(anonymous_31)
FN:343,(anonymous_32)
FN:356,(anonymous_33)
FN:360,(anonymous_34)
FNF:35
FNH:0
FNDA:0,(anonymous_0)
FNDA:0,(anonymous_1)
FNDA:0,(anonymous_2)
FNDA:0,(anonymous_3)
FNDA:0,(anonymous_4)
FNDA:0,(anonymous_5)
FNDA:0,(anonymous_6)
FNDA:0,(anonymous_7)
FNDA:0,(anonymous_8)
FNDA:0,(anonymous_9)
FNDA:0,(anonymous_10)
FNDA:0,(anonymous_11)
FNDA:0,(anonymous_12)
FNDA:0,(anonymous_13)
FNDA:0,(anonymous_14)
FNDA:0,(anonymous_15)
FNDA:0,(anonymous_16)
FNDA:0,(anonymous_17)
FNDA:0,(anonymous_18)
FNDA:0,(anonymous_19)
FNDA:0,(anonymous_20)
FNDA:0,(anonymous_21)
FNDA:0,(anonymous_22)
FNDA:0,(anonymous_23)
FNDA:0,(anonymous_24)
FNDA:0,(anonymous_25)
FNDA:0,(anonymous_26)
FNDA:0,(anonymous_27)
FNDA:0,(anonymous_28)
FNDA:0,(anonymous_29)
FNDA:0,(anonymous_30)
FNDA:0,(anonymous_31)
FNDA:0,(anonymous_32)
FNDA:0,(anonymous_33)
FNDA:0,(anonymous_34)
DA:1,0
DA:2,0
DA:3,0
DA:4,0
DA:5,0
DA:6,0
DA:18,0
DA:28,0
DA:29,0
DA:30,0
DA:31,0
DA:32,0
DA:33,0
DA:34,0
DA:35,0
DA:36,0
DA:39,0
DA:40,0
DA:42,0
DA:43,0
DA:45,0
DA:46,0
DA:47,0
DA:48,0
DA:49,0
DA:50,0
DA:53,0
DA:54,0
DA:56,0
DA:60,0
DA:61,0
DA:64,0
DA:65,0
DA:68,0
DA:69,0
DA:72,0
DA:73,0
DA:74,0
DA:75,0
DA:76,0
DA:77,0
DA:78,0
DA:79,0
DA:82,0
DA:83,0
DA:85,0
DA:88,0
DA:89,0
DA:90,0
DA:92,0
DA:93,0
DA:96,0
DA:97,0
DA:98,0
DA:99,0
DA:100,0
DA:104,0
DA:105,0
DA:107,0
DA:111,0
DA:112,0
DA:115,0
DA:116,0
DA:118,0
DA:119,0
DA:122,0
DA:127,0
DA:128,0
DA:137,0
DA:138,0
DA:150,0
DA:151,0
DA:160,0
DA:161,0
DA:177,0
DA:192,0
DA:193,0
DA:196,0
DA:206,0
DA:221,0
DA:222,0
DA:230,0
DA:231,0
DA:242,0
DA:243,0
DA:252,0
DA:253,0
DA:267,0
DA:268,0
DA:275,0
DA:308,0
DA:315,0
DA:327,0
DA:339,0
DA:343,0
DA:356,0
DA:360,0
LF:97
LH:0
BRDA:22,0,0,0
BRDA:22,0,1,0
BRDA:40,1,0,0
BRDA:40,1,1,0
BRDA:47,2,0,0
BRDA:47,2,1,0
BRDA:49,3,0,0
BRDA:49,3,1,0
BRDA:75,4,0,0
BRDA:75,4,1,0
BRDA:77,5,0,0
BRDA:77,5,1,0
BRDA:90,6,0,0
BRDA:90,6,1,0
BRDA:96,7,0,0
BRDA:96,7,1,0
BRDA:98,8,0,0
BRDA:98,8,1,0
BRDA:100,9,0,0
BRDA:100,9,1,0
BRDA:111,10,0,0
BRDA:111,10,1,0
BRDA:133,11,0,0
BRDA:133,11,1,0
BRDA:138,12,0,0
BRDA:138,12,1,0
BRDA:146,13,0,0
BRDA:146,13,1,0
BRDA:172,14,0,0
BRDA:172,14,1,0
BRDA:201,15,0,0
BRDA:201,15,1,0
BRDA:226,16,0,0
BRDA:226,16,1,0
BRDA:231,17,0,0
BRDA:231,17,1,0
BRDA:238,18,0,0
BRDA:238,18,1,0
BRDA:267,19,0,0
BRDA:267,19,1,0
BRDA:281,20,0,0
BRDA:281,20,1,0
BRDA:292,21,0,0
BRDA:292,21,1,0
BRDA:309,22,0,0
BRDA:309,22,1,0
BRDA:316,23,0,0
BRDA:316,23,1,0
BRDA:324,24,0,0
BRDA:324,24,1,0
BRDA:331,25,0,0
BRDA:331,25,1,0
BRDA:337,26,0,0
BRDA:337,26,1,0
BRDA:351,27,0,0
BRDA:351,27,1,0
BRDA:353,28,0,0
BRDA:353,28,1,0
BRDA:354,29,0,0
BRDA:354,29,1,0
BRDA:368,30,0,0
BRDA:368,30,1,0
BRDA:371,31,0,0
BRDA:371,31,1,0
BRF:64
BRH:0
end_of_record
TN:
SF:src\pages\RegisterPage.tsx
FN:6,(anonymous_0)
FN:29,(anonymous_1)
FN:36,(anonymous_2)
FN:41,(anonymous_3)
FN:207,(anonymous_4)
FN:228,(anonymous_5)
FN:249,(anonymous_6)
FN:256,(anonymous_7)
FN:286,(anonymous_8)
FN:293,(anonymous_9)
FN:323,(anonymous_10)
FNF:11
FNH:0
FNDA:0,(anonymous_0)
FNDA:0,(anonymous_1)
FNDA:0,(anonymous_2)
FNDA:0,(anonymous_3)
FNDA:0,(anonymous_4)
FNDA:0,(anonymous_5)
FNDA:0,(anonymous_6)
FNDA:0,(anonymous_7)
FNDA:0,(anonymous_8)
FNDA:0,(anonymous_9)
FNDA:0,(anonymous_10)
DA:1,0
DA:2,0
DA:3,0
DA:4,0
DA:6,0
DA:7,0
DA:8,0
DA:10,0
DA:11,0
DA:12,0
DA:13,0
DA:14,0
DA:15,0
DA:16,0
DA:17,0
DA:18,0
DA:21,0
DA:26,0
DA:29,0
DA:30,0
DA:31,0
DA:36,0
DA:37,0
DA:38,0
DA:41,0
DA:42,0
DA:43,0
DA:46,0
DA:47,0
DA:48,0
DA:50,0
DA:51,0
DA:52,0
DA:54,0
DA:55,0
DA:56,0
DA:58,0
DA:59,0
DA:60,0
DA:62,0
DA:63,0
DA:64,0
DA:66,0
DA:67,0
DA:68,0
DA:71,0
DA:73,0
DA:80,0
DA:82,0
DA:83,0
DA:87,0
DA:89,0
DA:90,0
DA:100,0
DA:207,0
DA:228,0
DA:249,0
DA:256,0
DA:286,0
DA:293,0
DA:323,0
LF:61
LH:0
BRDA:26,0,0,0
BRDA:26,0,1,0
BRDA:30,1,0,0
BRDA:30,1,1,0
BRDA:30,2,0,0
BRDA:30,2,1,0
BRDA:37,3,0,0
BRDA:37,3,1,0
BRDA:38,4,0,0
BRDA:38,4,1,0
BRDA:46,5,0,0
BRDA:46,5,1,0
BRDA:50,6,0,0
BRDA:50,6,1,0
BRDA:54,7,0,0
BRDA:54,7,1,0
BRDA:58,8,0,0
BRDA:58,8,1,0
BRDA:62,9,0,0
BRDA:62,9,1,0
BRDA:66,10,0,0
BRDA:66,10,1,0
BRDA:82,11,0,0
BRDA:82,11,1,0
BRDA:87,12,0,0
BRDA:87,12,1,0
BRDA:89,13,0,0
BRDA:89,13,1,0
BRDA:185,14,0,0
BRDA:185,14,1,0
BRDA:247,15,0,0
BRDA:247,15,1,0
BRDA:259,16,0,0
BRDA:259,16,1,0
BRDA:263,17,0,0
BRDA:263,17,1,0
BRDA:265,18,0,0
BRDA:265,18,1,0
BRDA:266,19,0,0
BRDA:266,19,1,0
BRDA:284,20,0,0
BRDA:284,20,1,0
BRDA:296,21,0,0
BRDA:296,21,1,0
BRDA:300,22,0,0
BRDA:300,22,1,0
BRDA:302,23,0,0
BRDA:302,23,1,0
BRDA:344,24,0,0
BRDA:344,24,1,0
BRF:50
BRH:0
end_of_record
TN:
SF:src\pages\Tasks.tsx
FN:17,(anonymous_0)
FN:27,(anonymous_1)
FN:51,(anonymous_2)
FN:72,(anonymous_3)
FN:76,(anonymous_4)
FN:82,(anonymous_5)
FN:93,(anonymous_6)
FN:93,(anonymous_7)
FN:116,(anonymous_8)
FN:122,(anonymous_9)
FN:132,(anonymous_10)
FN:133,(anonymous_11)
FN:145,(anonymous_12)
FN:155,(anonymous_13)
FN:165,(anonymous_14)
FN:175,(anonymous_15)
FN:175,(anonymous_16)
FN:181,(anonymous_17)
FN:199,(anonymous_18)
FN:210,(anonymous_19)
FN:213,(anonymous_20)
FN:219,(anonymous_21)
FN:220,(anonymous_22)
FN:222,(anonymous_23)
FN:230,(anonymous_24)
FN:245,(anonymous_25)
FN:251,(anonymous_26)
FN:259,(anonymous_27)
FN:269,(anonymous_28)
FN:275,(anonymous_29)
FN:325,(anonymous_30)
FN:338,(anonymous_31)
FN:347,(anonymous_32)
FN:354,(anonymous_33)
FN:405,(anonymous_34)
FN:411,(anonymous_35)
FN:418,(anonymous_36)
FN:422,(anonymous_37)
FN:425,(anonymous_38)
FN:429,(anonymous_39)
FN:440,(anonymous_40)
FN:446,(anonymous_41)
FN:454,(anonymous_42)
FN:464,(anonymous_43)
FN:470,(anonymous_44)
FN:477,(anonymous_45)
FN:504,(anonymous_46)
FN:534,(anonymous_47)
FNF:48
FNH:0
FNDA:0,(anonymous_0)
FNDA:0,(anonymous_1)
FNDA:0,(anonymous_2)
FNDA:0,(anonymous_3)
FNDA:0,(anonymous_4)
FNDA:0,(anonymous_5)
FNDA:0,(anonymous_6)
FNDA:0,(anonymous_7)
FNDA:0,(anonymous_8)
FNDA:0,(anonymous_9)
FNDA:0,(anonymous_10)
FNDA:0,(anonymous_11)
FNDA:0,(anonymous_12)
FNDA:0,(anonymous_13)
FNDA:0,(anonymous_14)
FNDA:0,(anonymous_15)
FNDA:0,(anonymous_16)
FNDA:0,(anonymous_17)
FNDA:0,(anonymous_18)
FNDA:0,(anonymous_19)
FNDA:0,(anonymous_20)
FNDA:0,(anonymous_21)
FNDA:0,(anonymous_22)
FNDA:0,(anonymous_23)
FNDA:0,(anonymous_24)
FNDA:0,(anonymous_25)
FNDA:0,(anonymous_26)
FNDA:0,(anonymous_27)
FNDA:0,(anonymous_28)
FNDA:0,(anonymous_29)
FNDA:0,(anonymous_30)
FNDA:0,(anonymous_31)
FNDA:0,(anonymous_32)
FNDA:0,(anonymous_33)
FNDA:0,(anonymous_34)
FNDA:0,(anonymous_35)
FNDA:0,(anonymous_36)
FNDA:0,(anonymous_37)
FNDA:0,(anonymous_38)
FNDA:0,(anonymous_39)
FNDA:0,(anonymous_40)
FNDA:0,(anonymous_41)
FNDA:0,(anonymous_42)
FNDA:0,(anonymous_43)
FNDA:0,(anonymous_44)
FNDA:0,(anonymous_45)
FNDA:0,(anonymous_46)
FNDA:0,(anonymous_47)
DA:1,0
DA:2,0
DA:3,0
DA:4,0
DA:5,0
DA:17,0
DA:27,0
DA:28,0
DA:29,0
DA:30,0
DA:31,0
DA:32,0
DA:33,0
DA:34,0
DA:35,0
DA:36,0
DA:37,0
DA:38,0
DA:39,0
DA:40,0
DA:41,0
DA:42,0
DA:43,0
DA:44,0
DA:45,0
DA:46,0
DA:47,0
DA:48,0
DA:51,0
DA:52,0
DA:54,0
DA:55,0
DA:57,0
DA:58,0
DA:59,0
DA:60,0
DA:61,0
DA:62,0
DA:65,0
DA:66,0
DA:68,0
DA:72,0
DA:73,0
DA:76,0
DA:77,0
DA:78,0
DA:82,0
DA:83,0
DA:85,0
DA:86,0
DA:87,0
DA:93,0
DA:96,0
DA:97,0
DA:98,0
DA:99,0
DA:100,0
DA:101,0
DA:102,0
DA:103,0
DA:104,0
DA:105,0
DA:106,0
DA:109,0
DA:110,0
DA:112,0
DA:116,0
DA:117,0
DA:118,0
DA:119,0
DA:120,0
DA:121,0
DA:122,0
DA:123,0
DA:126,0
DA:127,0
DA:129,0
DA:132,0
DA:133,0
DA:134,0
DA:136,0
DA:137,0
DA:138,0
DA:142,0
DA:143,0
DA:144,0
DA:145,0
DA:146,0
DA:150,0
DA:151,0
DA:155,0
DA:156,0
DA:157,0
DA:158,0
DA:159,0
DA:160,0
DA:161,0
DA:162,0
DA:165,0
DA:166,0
DA:168,0
DA:169,0
DA:170,0
DA:175,0
DA:178,0
DA:179,0
DA:180,0
DA:181,0
DA:182,0
DA:184,0
DA:185,0
DA:186,0
DA:187,0
DA:188,0
DA:189,0
DA:192,0
DA:193,0
DA:195,0
DA:199,0
DA:200,0
DA:201,0
DA:202,0
DA:203,0
DA:204,0
DA:205,0
DA:209,0
DA:210,0
DA:213,0
DA:214,0
DA:215,0
DA:216,0
DA:219,0
DA:220,0
DA:222,0
DA:223,0
DA:225,0
DA:230,0
DA:245,0
DA:251,0
DA:259,0
DA:269,0
DA:275,0
DA:326,0
DA:338,0
DA:347,0
DA:354,0
DA:369,0
DA:370,0
DA:377,0
DA:405,0
DA:411,0
DA:418,0
DA:422,0
DA:425,0
DA:429,0
DA:440,0
DA:446,0
DA:454,0
DA:464,0
DA:470,0
DA:478,0
DA:479,0
DA:480,0
DA:481,0
DA:482,0
DA:483,0
DA:505,0
DA:534,0
LF:168
LH:0
BRDA:23,0,0,0
BRDA:23,0,1,0
BRDA:24,1,0,0
BRDA:24,1,1,0
BRDA:52,2,0,0
BRDA:52,2,1,0
BRDA:59,3,0,0
BRDA:59,3,1,0
BRDA:61,4,0,0
BRDA:61,4,1,0
BRDA:77,5,0,0
BRDA:77,5,1,0
BRDA:77,6,0,0
BRDA:77,6,1,0
BRDA:83,7,0,0
BRDA:83,7,1,0
BRDA:92,8,0,0
BRDA:92,8,1,0
BRDA:96,9,0,0
BRDA:96,9,1,0
BRDA:98,10,0,0
BRDA:98,10,1,0
BRDA:119,11,0,0
BRDA:119,11,1,0
BRDA:121,12,0,0
BRDA:121,12,1,0
BRDA:134,13,0,0
BRDA:134,13,1,0
BRDA:137,14,0,0
BRDA:137,14,1,0
BRDA:142,15,0,0
BRDA:142,15,1,0
BRDA:144,16,0,0
BRDA:144,16,1,0
BRDA:146,17,0,0
BRDA:146,17,1,0
BRDA:158,18,0,0
BRDA:158,18,1,0
BRDA:160,19,0,0
BRDA:160,19,1,0
BRDA:166,20,0,0
BRDA:166,20,1,0
BRDA:166,21,0,0
BRDA:166,21,1,0
BRDA:174,22,0,0
BRDA:174,22,1,0
BRDA:178,23,0,0
BRDA:178,23,1,0
BRDA:180,24,0,0
BRDA:180,24,1,0
BRDA:182,25,0,0
BRDA:182,25,1,0
BRDA:209,26,0,0
BRDA:209,26,1,0
BRDA:214,27,0,0
BRDA:214,27,1,0
BRDA:215,28,0,0
BRDA:215,28,1,0
BRDA:227,29,0,0
BRDA:227,29,1,0
BRDA:233,30,0,0
BRDA:233,30,1,0
BRDA:240,31,0,0
BRDA:240,31,1,0
BRDA:286,32,0,0
BRDA:286,32,1,0
BRDA:299,33,0,0
BRDA:299,33,1,0
BRDA:303,34,0,0
BRDA:303,34,1,0
BRDA:303,34,2,0
BRDA:310,35,0,0
BRDA:310,35,1,0
BRDA:315,36,0,0
BRDA:315,36,1,0
BRDA:316,37,0,0
BRDA:316,37,1,0
BRDA:316,38,0,0
BRDA:316,38,1,0
BRDA:335,39,0,0
BRDA:335,39,1,0
BRDA:338,40,0,0
BRDA:338,40,1,0
BRDA:344,41,0,0
BRDA:344,41,1,0
BRDA:369,42,0,0
BRDA:369,42,1,0
BRDA:383,43,0,0
BRDA:383,43,1,0
BRDA:395,44,0,0
BRDA:395,44,1,0
BRDA:402,45,0,0
BRDA:402,45,1,0
BRDA:412,46,0,0
BRDA:412,46,1,0
BRDA:419,47,0,0
BRDA:419,47,1,0
BRDA:426,48,0,0
BRDA:426,48,1,0
BRDA:433,49,0,0
BRDA:433,49,1,0
BRDA:491,50,0,0
BRDA:491,50,1,0
BRDA:494,51,0,0
BRDA:494,51,1,0
BRDA:509,52,0,0
BRDA:509,52,1,0
BRDA:513,53,0,0
BRDA:513,53,1,0
BRDA:515,54,0,0
BRDA:515,54,1,0
BRDA:517,55,0,0
BRDA:517,55,1,0
BRDA:523,56,0,0
BRDA:523,56,1,0
BRDA:532,57,0,0
BRDA:532,57,1,0
BRF:117
BRH:0
end_of_record
TN:
SF:src\services\auditService.ts
FN:37,(anonymous_0)
FN:42,(anonymous_1)
FN:46,(anonymous_2)
FN:58,(anonymous_3)
FN:67,(anonymous_4)
FN:76,(anonymous_5)
FN:106,(anonymous_6)
FN:138,(anonymous_7)
FN:143,(anonymous_8)
FN:147,(anonymous_9)
FN:151,(anonymous_10)
FN:155,(anonymous_11)
[...]
FN:279,(anonymous_28)
FN:294,(anonymous_29)
FN:297,(anonymous_30)
FN:315,(anonymous_31)
FN:316,(anonymous_32)
FN:341,(anonymous_33)
FN:345,(anonymous_34)
FN:349,(anonymous_35)
FN:353,(anonymous_36)
FN:357,(anonymous_37)
FN:361,(anonymous_38)
FN:365,(anonymous_39)
FNF:40
FNH:0
FNDA:0,(anonymous_0)
FNDA:0,(anonymous_1)
FNDA:0,(anonymous_2)
FNDA:0,(anonymous_3)
FNDA:0,(anonymous_4)
FNDA:0,(anonymous_5)
FNDA:0,(anonymous_6)
FNDA:0,(anonymous_7)
FNDA:0,(anonymous_8)
FNDA:0,(anonymous_9)
FNDA:0,(anonymous_10)
FNDA:0,(anonymous_11)
FNDA:0,(anonymous_12)
FNDA:0,(anonymous_13)
FNDA:0,(anonymous_14)
FNDA:0,(anonymous_15)
FNDA:0,(anonymous_16)
FNDA:0,(anonymous_17)
FNDA:0,(anonymous_18)
FNDA:0,(anonymous_19)
FNDA:0,(anonymous_20)
FNDA:0,(anonymous_21)
FNDA:0,(anonymous_22)
FNDA:0,(anonymous_23)
FNDA:0,(anonymous_24)
FNDA:0,(anonymous_25)
FNDA:0,(anonymous_26)
FNDA:0,(anonymous_27)
FNDA:0,(anonymous_28)
FNDA:0,(anonymous_29)
FNDA:0,(anonymous_30)
FNDA:0,(anonymous_31)
FNDA:0,(anonymous_32)
FNDA:0,(anonymous_33)
FNDA:0,(anonymous_34)
FNDA:0,(anonymous_35)
FNDA:0,(anonymous_36)
FNDA:0,(anonymous_37)
FNDA:0,(anonymous_38)
FNDA:0,(anonymous_39)
DA:34,0
DA:35,0
DA:38,0
DA:43,0
DA:44,0
DA:45,0
DA:46,0
DA:52,0
DA:53,0
DA:59,0
DA:60,0
DA:62,0
DA:68,0
DA:70,0
DA:71,0
DA:85,0
DA:87,0
DA:100,0
DA:101,0
DA:102,0
DA:107,0
DA:109,0
DA:110,0
DA:112,0
DA:113,0
DA:114,0
DA:116,0
DA:117,0
DA:119,0
DA:120,0
DA:121,0
DA:122,0
DA:125,0
DA:134,0
DA:139,0
DA:141,0
DA:142,0
DA:143,0
DA:146,0
DA:147,0
DA:150,0
DA:151,0
DA:154,0
DA:155,0
DA:158,0
DA:159,0
DA:162,0
DA:163,0
DA:166,0
DA:167,0
DA:168,0
DA:174,0
DA:179,0
DA:187,0
DA:199,0
DA:201,0
DA:202,0
DA:203,0
DA:204,0
DA:205,0
DA:207,0
DA:209,0
DA:212,0
DA:215,0
DA:216,0
DA:219,0
DA:222,0
DA:223,0
DA:224,0
DA:226,0
DA:230,0
DA:231,0
DA:232,0
DA:235,0
DA:236,0
DA:241,0
DA:244,0
DA:256,0
DA:257,0
DA:262,0
DA:263,0
DA:265,0
DA:266,0
DA:270,0
DA:271,0
DA:279,0
DA:284,0
DA:285,0
DA:286,0
DA:288,0
DA:289,0
DA:295,0
DA:297,0
DA:298,0
DA:299,0
DA:300,0
DA:301,0
DA:302,0
DA:303,0
DA:304,0
DA:308,0
DA:311,0
DA:316,0
DA:318,0
DA:319,0
DA:323,0
DA:333,0
DA:338,0
DA:341,0
DA:342,0
DA:345,0
DA:346,0
DA:349,0
DA:350,0
DA:353,0
DA:354,0
DA:357,0
DA:358,0
DA:361,0
DA:362,0
DA:365,0
DA:366,0
LF:122
LH:0
BRDA:45,0,0,0
BRDA:45,0,1,0
BRDA:68,1,0,0
BRDA:68,1,1,0
BRDA:94,2,0,0
BRDA:94,2,1,0
BRDA:107,3,0,0
BRDA:107,3,1,0
BRDA:107,4,0,0
BRDA:107,4,1,0
BRDA:116,5,0,0
BRDA:116,5,1,0
BRDA:119,6,0,0
BRDA:119,6,1,0
BRDA:119,7,0,0
BRDA:119,7,1,0
BRDA:121,8,0,0
BRDA:121,8,1,0
BRDA:121,9,0,0
BRDA:121,9,1,0
BRDA:121,9,2,0
BRDA:121,9,3,0
BRDA:141,10,0,0
BRDA:141,10,1,0
BRDA:142,11,0,0
BRDA:142,11,1,0
BRDA:146,12,0,0
BRDA:146,12,1,0
BRDA:150,13,0,0
BRDA:150,13,1,0
BRDA:154,14,0,0
BRDA:154,14,1,0
BRDA:158,15,0,0
BRDA:158,15,1,0
BRDA:162,16,0,0
BRDA:162,16,1,0
BRDA:166,17,0,0
BRDA:166,17,1,0
BRDA:186,18,0,0
BRDA:209,19,0,0
BRDA:209,19,1,0
BRDA:212,20,0,0
BRDA:212,20,1,0
BRDA:216,21,0,0
BRDA:216,21,1,0
BRDA:219,22,0,0
BRDA:219,22,1,0
BRDA:223,23,0,0
BRDA:223,23,1,0
BRDA:265,24,0,0
BRDA:265,24,1,0
BRDA:271,25,0,0
BRDA:271,25,1,0
BRDA:271,25,2,0
BRDA:271,25,3,0
BRDA:271,25,4,0
BRDA:271,25,5,0
BRDA:295,26,0,0
BRDA:295,26,1,0
BRDA:298,27,0,0
BRDA:298,27,1,0
BRDA:298,28,0,0
BRDA:298,28,1,0
BRDA:299,29,0,0
BRDA:299,29,1,0
BRDA:299,30,0,0
BRDA:299,30,1,0
BRDA:300,31,0,0
BRDA:300,31,1,0
BRDA:300,32,0,0
BRDA:300,32,1,0
BRDA:301,33,0,0
BRDA:301,33,1,0
BRDA:301,34,0,0
BRDA:301,34,1,0
BRDA:302,35,0,0
BRDA:302,35,1,0
BRDA:302,36,0,0
BRDA:302,36,1,0
BRDA:303,37,0,0
BRDA:303,37,1,0
BRDA:303,38,0,0
BRDA:303,38,1,0
BRDA:316,39,0,0
BRDA:316,39,1,0
BRDA:316,39,2,0
BRDA:318,40,0,0
BRDA:318,40,1,0
BRDA:318,41,0,0
BRDA:318,41,1,0
BRDA:341,42,0,0
BRDA:345,43,0,0
BRDA:349,44,0,0
BRDA:353,45,0,0
BRF:94
BRH:0
end_of_record
TN:
SF:src\services\authService.ts
FN:11,(anonymous_0)
FN:27,(anonymous_1)
FN:34,(anonymous_2)
FN:42,(anonymous_3)
FN:57,(anonymous_4)
FN:68,(anonymous_5)
FN:90,(anonymous_6)
FN:101,(anonymous_7)
FN:112,(anonymous_8)
FN:120,(anonymous_9)
FN:133,(anonymous_10)
FN:157,(anonymous_11)
FN:200,(anonymous_12)
FN:208,(anonymous_13)
FN:248,(anonymous_14)
FN:255,(anonymous_15)
FN:260,(anonymous_16)
FN:279,(anonymous_17)
FN:281,(anonymous_18)
FN:309,(anonymous_19)
FN:311,(anonymous_20)
FNF:21
FNH:0
FNDA:0,(anonymous_0)
FNDA:0,(anonymous_1)
FNDA:0,(anonymous_2)
FNDA:0,(anonymous_3)
FNDA:0,(anonymous_4)
FNDA:0,(anonymous_5)
FNDA:0,(anonymous_6)
FNDA:0,(anonymous_7)
FNDA:0,(anonymous_8)
FNDA:0,(anonymous_9)
FNDA:0,(anonymous_10)
FNDA:0,(anonymous_11)
FNDA:0,(anonymous_12)
FNDA:0,(anonymous_13)
FNDA:0,(anonymous_14)
FNDA:0,(anonymous_15)
FNDA:0,(anonymous_16)
FNDA:0,(anonymous_17)
FNDA:0,(anonymous_18)
FNDA:0,(anonymous_19)
FNDA:0,(anonymous_20)
DA:3,0
DA:4,0
DA:5,0
DA:11,0
DA:12,0
DA:13,0
DA:14,0
DA:15,0
DA:16,0
DA:19,0
DA:20,0
DA:21,0
DA:27,0
DA:28,0
DA:34,0
DA:35,0
DA:43,0
DA:44,0
DA:45,0
DA:46,0
DA:49,0
DA:51,0
DA:58,0
DA:59,0
DA:61,0
DA:69,0
DA:70,0
DA:71,0
DA:72,0
DA:74,0
DA:75,0
DA:78,0
DA:82,0
DA:84,0
DA:91,0
DA:92,0
DA:94,0
DA:102,0
DA:103,0
DA:105,0
DA:113,0
DA:114,0
DA:121,0
DA:122,0
DA:124,0
DA:125,0
DA:127,0
DA:135,0
DA:136,0
DA:140,0
DA:141,0
DA:142,0
DA:146,0
DA:147,0
DA:151,0
DA:152,0
DA:156,0
DA:157,0
DA:158,0
DA:159,0
DA:163,0
DA:164,0
DA:174,0
DA:175,0
DA:178,0
DA:183,0
DA:186,0
DA:194,0
DA:202,0
DA:203,0
DA:207,0
DA:208,0
DA:210,0
DA:211,0
DA:215,0
DA:216,0
DA:217,0
DA:221,0
DA:222,0
DA:223,0
DA:226,0
DA:231,0
DA:234,0
DA:242,0
DA:249,0
DA:256,0
DA:257,0
DA:259,0
DA:260,0
DA:262,0
DA:263,0
DA:264,0
DA:267,0
DA:280,0
DA:281,0
DA:283,0
DA:284,0
DA:288,0
DA:289,0
DA:292,0
DA:294,0
DA:310,0
DA:311,0
DA:315,0
LF:104
LH:0
BRDA:45,0,0,0
BRDA:45,0,1,0
BRDA:71,1,0,0
BRDA:71,1,1,0
BRDA:74,2,0,0
BRDA:74,2,1,0
BRDA:121,3,0,0
BRDA:121,3,1,0
BRDA:124,4,0,0
BRDA:124,4,1,0
BRDA:135,5,0,0
BRDA:135,5,1,0
BRDA:141,6,0,0
BRDA:141,6,1,0
BRDA:146,7,0,0
BRDA:146,7,1,0
BRDA:151,8,0,0
BRDA:151,8,1,0
BRDA:158,9,0,0
BRDA:158,9,1,0
BRDA:202,10,0,0
BRDA:202,10,1,0
BRDA:210,11,0,0
BRDA:210,11,1,0
BRDA:216,12,0,0
BRDA:216,12,1,0
BRDA:257,13,0,0
BRDA:257,13,1,0
BRDA:262,14,0,0
BRDA:262,14,1,0
BRDA:283,15,0,0
BRDA:283,15,1,0
BRDA:288,16,0,0
BRDA:288,16,1,0
BRF:34
BRH:0
end_of_record
TN:
SF:src\services\calendarImportExportService.ts
FN:45,(anonymous_0)
FN:180,(anonymous_1)
FN:220,(anonymous_2)
FN:229,(anonymous_3)
FN:238,(anonymous_4)
FN:243,(anonymous_5)
FN:265,(anonymous_6)
FN:295,(anonymous_7)
FN:308,(anonymous_8)
FN:315,(anonymous_9)
FN:321,(anonymous_10)
FN:324,(anonymous_11)
FN:334,(anonymous_12)
FN:371,(anonymous_13)
FN:388,(anonymous_14)
FN:406,(anonymous_15)
FN:418,(anonymous_16)
FN:445,(anonymous_17)
FN:457,(anonymous_18)
FN:467,(anonymous_19)
FN:477,(anonymous_20)
FN:490,(anonymous_21)
FN:506,(anonymous_22)
FN:507,(anonymous_23)
FN:509,(anonymous_24)
FN:525,(anonymous_25)
FN:540,(anonymous_26)
FN:589,(anonymous_27)
FN:593,(anonymous_28)
FN:597,(anonymous_29)
FN:601,(anonymous_30)
FN:605,(anonymous_31)
FNF:32
FNH:0
FNDA:0,(anonymous_0)
FNDA:0,(anonymous_1)
FNDA:0,(anonymous_2)
FNDA:0,(anonymous_3)
FNDA:0,(anonymous_4)
FNDA:0,(anonymous_5)
FNDA:0,(anonymous_6)
FNDA:0,(anonymous_7)
FNDA:0,(anonymous_8)
FNDA:0,(anonymous_9)
FNDA:0,(anonymous_10)
FNDA:0,(anonymous_11)
FNDA:0,(anonymous_12)
FNDA:0,(anonymous_13)
FNDA:0,(anonymous_14)
FNDA:0,(anonymous_15)
FNDA:0,(anonymous_16)
FNDA:0,(anonymous_17)
FNDA:0,(anonymous_18)
FNDA:0,(anonymous_19)
FNDA:0,(anonymous_20)
FNDA:0,(anonymous_21)
FNDA:0,(anonymous_22)
FNDA:0,(anonymous_23)
FNDA:0,(anonymous_24)
FNDA:0,(anonymous_25)
FNDA:0,(anonymous_26)
FNDA:0,(anonymous_27)
FNDA:0,(anonymous_28)
FNDA:0,(anonymous_29)
FNDA:0,(anonymous_30)
FNDA:0,(anonymous_31)
DA:46,0
DA:55,0
DA:57,0
DA:58,0
DA:59,0
DA:60,0
DA:62,0
DA:63,0
DA:64,0
DA:67,0
DA:70,0
DA:71,0
DA:72,0
DA:73,0
DA:76,0
DA:77,0
DA:78,0
DA:79,0
DA:80,0
DA:82,0
DA:83,0
DA:86,0
DA:87,0
DA:89,0
DA:90,0
DA:91,0
DA:94,0
DA:97,0
DA:98,0
DA:100,0
DA:101,0
DA:104,0
DA:105,0
DA:106,0
DA:107,0
DA:108,0
DA:110,0
DA:114,0
DA:116,0
DA:117,0
DA:119,0
DA:120,0
DA:122,0
DA:123,0
DA:125,0
DA:126,0
DA:128,0
DA:129,0
DA:131,0
DA:132,0
DA:134,0
DA:135,0
DA:137,0
DA:138,0
DA:140,0
DA:141,0
DA:143,0
DA:144,0
DA:146,0
DA:147,0
DA:148,0
DA:150,0
DA:151,0
DA:153,0
DA:154,0
DA:156,0
DA:157,0
DA:159,0
DA:160,0
DA:162,0
DA:163,0
DA:165,0
DA:166,0
DA:170,0
DA:171,0
DA:174,0
DA:175,0
DA:181,0
DA:182,0
DA:185,0
DA:186,0
DA:187,0
DA:188,0
DA:189,0
DA:190,0
DA:191,0
DA:192,0
DA:196,0
DA:197,0
DA:198,0
DA:199,0
DA:200,0
DA:201,0
DA:206,0
DA:207,0
DA:210,0
DA:220,0
DA:229,0
DA:239,0
DA:240,0
DA:241,0
DA:243,0
DA:244,0
DA:245,0
DA:246,0
DA:250,0
DA:252,0
DA:253,0
DA:256,0
DA:257,0
DA:260,0
DA:263,0
DA:264,0
DA:265,0
DA:266,0
DA:270,0
DA:275,0
DA:276,0
DA:279,0
DA:289,0
DA:290,0
DA:296,0
DA:305,0
DA:307,0
DA:308,0
DA:309,0
DA:314,0
DA:315,0
DA:316,0
DA:321,0
DA:324,0
DA:325,0
DA:328,0
DA:330,0
DA:335,0
DA:338,0
DA:339,0
DA:340,0
DA:341,0
DA:342,0
DA:345,0
DA:346,0
DA:349,0
DA:350,0
DA:354,0
DA:355,0
DA:356,0
DA:360,0
DA:361,0
DA:364,0
DA:367,0
DA:368,0
DA:371,0
DA:372,0
DA:376,0
DA:377,0
DA:378,0
DA:379,0
DA:383,0
DA:384,0
DA:389,0
DA:391,0
DA:393,0
DA:394,0
DA:396,0
DA:397,0
DA:400,0
DA:401,0
DA:404,0
DA:405,0
DA:406,0
DA:407,0
DA:410,0
DA:411,0
DA:414,0
DA:420,0
DA:423,0
DA:424,0
DA:425,0
DA:429,0
DA:430,0
DA:434,0
DA:435,0
DA:436,0
DA:437,0
DA:438,0
DA:439,0
DA:441,0
DA:446,0
DA:447,0
DA:448,0
DA:449,0
DA:450,0
DA:451,0
DA:453,0
DA:458,0
DA:468,0
DA:478,0
DA:486,0
DA:491,0
DA:492,0
DA:493,0
DA:495,0
DA:496,0
DA:497,0
DA:498,0
DA:499,0
DA:500,0
DA:502,0
DA:507,0
DA:508,0
DA:509,0
DA:510,0
DA:511,0
DA:512,0
DA:513,0
DA:515,0
DA:525,0
DA:526,0
DA:535,0
DA:545,0
DA:547,0
DA:550,0
DA:559,0
DA:560,0
DA:567,0
DA:575,0
DA:586,0
DA:589,0
DA:590,0
DA:593,0
DA:594,0
DA:597,0
DA:598,0
DA:601,0
DA:602,0
DA:605,0
DA:610,0
LF:238
LH:0
BRDA:67,0,0,0
BRDA:67,0,1,0
BRDA:67,1,0,0
BRDA:67,1,1,0
BRDA:70,2,0,0
BRDA:70,2,1,0
BRDA:76,3,0,0
BRDA:76,3,1,0
BRDA:77,4,0,0
BRDA:77,4,1,0
BRDA:77,5,0,0
BRDA:77,5,1,0
BRDA:77,5,2,0
BRDA:77,5,3,0
BRDA:94,6,0,0
BRDA:94,6,1,0
BRDA:98,7,0,0
BRDA:98,7,1,0
BRDA:104,8,0,0
BRDA:104,8,1,0
BRDA:104,9,0,0
BRDA:104,9,1,0
BRDA:106,10,0,0
BRDA:106,10,1,0
BRDA:114,11,0,0
BRDA:114,11,1,0
BRDA:114,11,2,0
BRDA:114,11,3,0
BRDA:114,11,4,0
BRDA:114,11,5,0
BRDA:114,11,6,0
BRDA:114,11,7,0
BRDA:114,11,8,0
BRDA:114,11,9,0
BRDA:114,11,10,0
BRDA:114,11,11,0
BRDA:114,11,12,0
BRDA:114,11,13,0
BRDA:114,11,14,0
BRDA:114,11,15,0
BRDA:114,11,16,0
BRDA:146,12,0,0
BRDA:146,12,1,0
BRDA:186,13,0,0
BRDA:186,13,1,0
BRDA:188,14,0,0
BRDA:188,14,1,0
BRDA:189,15,0,0
BRDA:189,15,1,0
BRDA:190,16,0,0
BRDA:190,16,1,0
BRDA:191,17,0,0
BRDA:191,17,1,0
BRDA:192,18,0,0
BRDA:192,18,1,0
BRDA:197,19,0,0
BRDA:197,19,1,0
BRDA:198,20,0,0
BRDA:198,20,1,0
BRDA:199,21,0,0
BRDA:199,21,1,0
BRDA:200,22,0,0
BRDA:200,22,1,0
BRDA:206,23,0,0
BRDA:206,23,1,0
BRDA:213,24,0,0
BRDA:213,24,1,0
BRDA:219,25,0,0
BRDA:219,25,1,0
BRDA:220,26,0,0
BRDA:220,26,1,0
BRDA:222,27,0,0
BRDA:222,27,1,0
BRDA:229,28,0,0
BRDA:229,28,1,0
BRDA:231,29,0,0
BRDA:231,29,1,0
BRDA:232,30,0,0
BRDA:232,30,1,0
BRDA:232,30,2,0
BRDA:245,31,0,0
BRDA:245,31,1,0
BRDA:245,32,0,0
BRDA:245,32,1,0
BRDA:250,33,0,0
BRDA:250,33,1,0
BRDA:253,34,0,0
BRDA:253,34,1,0
BRDA:256,35,0,0
BRDA:256,35,1,0
BRDA:260,36,0,0
BRDA:260,36,1,0
BRDA:263,37,0,0
BRDA:263,37,1,0
BRDA:270,38,0,0
BRDA:270,38,1,0
BRDA:275,39,0,0
BRDA:275,39,1,0
BRDA:295,40,0,0
BRDA:307,41,0,0
BRDA:307,41,1,0
BRDA:309,42,0,0
BRDA:309,42,1,0
BRDA:314,43,0,0
BRDA:314,43,1,0
BRDA:314,44,0,0
BRDA:314,44,1,0
BRDA:345,45,0,0
BRDA:345,45,1,0
BRDA:349,46,0,0
BRDA:349,46,1,0
BRDA:355,47,0,0
BRDA:355,47,1,0
BRDA:376,48,0,0
BRDA:376,48,1,0
BRDA:378,49,0,0
BRDA:378,49,1,0
BRDA:389,50,0,0
BRDA:389,50,1,0
BRDA:396,51,0,0
BRDA:396,51,1,0
BRDA:400,52,0,0
BRDA:400,52,1,0
BRDA:404,53,0,0
BRDA:404,53,1,0
BRDA:404,54,0,0
BRDA:404,54,1,0
BRDA:410,55,0,0
BRDA:410,55,1,0
BRDA:424,56,0,0
BRDA:424,56,1,0
BRDA:429,57,0,0
BRDA:429,57,1,0
BRDA:437,58,0,0
BRDA:437,58,1,0
BRDA:438,59,0,0
BRDA:438,59,1,0
BRDA:439,60,0,0
BRDA:439,60,1,0
BRDA:486,61,0,0
BRDA:486,61,1,0
BRDA:490,62,0,0
BRDA:511,63,0,0
BRDA:511,63,1,0
BRDA:559,64,0,0
BRDA:559,64,1,0
BRF:146
BRH:0
end_of_record
TN:
SF:src\services\moduleIntegrationService.ts
FN:26,(anonymous_0)
FN:56,(anonymous_1)
FN:64,(anonymous_2)
FN:70,(anonymous_3)
FN:85,(anonymous_4)
FN:97,(anonymous_5)
FN:103,(anonymous_6)
FN:111,(anonymous_7)
FN:129,(anonymous_8)
FN:142,(anonymous_9)
FN:143,(anonymous_10)
FN:179,(anonymous_11)
FN:192,(anonymous_12)
FN:193,(anonymous_13)
FN:196,(anonymous_14)
FN:198,(anonymous_15)
FN:199,(anonymous_16)
FN:202,(anonymous_17)
FN:203,(anonymous_18)
FN:207,(anonymous_19)
FN:208,(anonymous_20)
FN:209,(anonymous_21)
FN:210,(anonymous_22)
FN:220,(anonymous_23)
FNF:24
FNH:0
FNDA:0,(anonymous_0)
FNDA:0,(anonymous_1)
FNDA:0,(anonymous_2)
FNDA:0,(anonymous_3)
FNDA:0,(anonymous_4)
FNDA:0,(anonymous_5)
FNDA:0,(anonymous_6)
FNDA:0,(anonymous_7)
FNDA:0,(anonymous_8)
FNDA:0,(anonymous_9)
FNDA:0,(anonymous_10)
FNDA:0,(anonymous_11)
FNDA:0,(anonymous_12)
FNDA:0,(anonymous_13)
FNDA:0,(anonymous_14)
FNDA:0,(anonymous_15)
FNDA:0,(anonymous_16)
FNDA:0,(anonymous_17)
FNDA:0,(anonymous_18)
FNDA:0,(anonymous_19)
FNDA:0,(anonymous_20)
FNDA:0,(anonymous_21)
FNDA:0,(anonymous_22)
FNDA:0,(anonymous_23)
DA:26,0
DA:27,0
DA:28,0
DA:30,0
DA:56,0
DA:57,0
DA:64,0
DA:70,0
DA:71,0
DA:73,0
DA:85,0
DA:88,0
DA:97,0
DA:98,0
DA:99,0
DA:103,0
DA:105,0
DA:111,0
DA:115,0
DA:125,0
DA:129,0
DA:130,0
DA:132,0
DA:134,0
DA:136,0
DA:138,0
DA:142,0
DA:143,0
DA:144,0
DA:154,0
DA:156,0
DA:157,0
DA:160,0
DA:162,0
DA:163,0
DA:166,0
DA:167,0
DA:170,0
DA:171,0
DA:174,0
DA:175,0
DA:178,0
DA:179,0
DA:182,0
DA:183,0
DA:186,0
DA:188,0
DA:192,0
DA:193,0
DA:196,0
DA:197,0
DA:198,0
DA:199,0
DA:202,0
DA:203,0
DA:207,0
DA:208,0
DA:209,0
DA:210,0
DA:211,0
DA:214,0
DA:221,0
LF:62
LH:0
BRDA:27,0,0,0
BRDA:27,0,1,0
BRDA:41,1,0,0
BRDA:41,1,1,0
BRDA:62,2,0,0
BRDA:62,2,1,0
BRDA:109,3,0,0
BRDA:109,3,1,0
BRDA:120,4,0,0
BRDA:120,4,1,0
BRDA:121,5,0,0
BRDA:121,5,1,0
BRDA:130,6,0,0
BRDA:130,6,1,0
BRDA:130,6,2,0
BRDA:130,6,3,0
BRDA:156,7,0,0
BRDA:156,7,1,0
BRDA:162,8,0,0
BRDA:162,8,1,0
BRDA:162,9,0,0
BRDA:162,9,1,0
BRDA:166,10,0,0
BRDA:166,10,1,0
BRDA:170,11,0,0
BRDA:170,11,1,0
BRDA:174,12,0,0
BRDA:174,12,1,0
BRDA:178,13,0,0
BRDA:178,13,1,0
BRDA:178,14,0,0
BRDA:178,14,1,0
BRDA:182,15,0,0
BRDA:182,15,1,0
BRDA:182,16,0,0
BRDA:182,16,1,0
BRDA:211,17,0,0
BRDA:211,17,1,0
BRDA:211,17,2,0
BRDA:219,18,0,0
BRDA:219,18,1,0
BRDA:221,19,0,0
BRDA:221,19,1,0
BRDA:221,19,2,0
BRF:44
BRH:0
end_of_record
TN:
SF:src\services\supabaseService.ts
FN:893,(anonymous_0)
FN:18,(anonymous_1)
FN:49,(anonymous_2)
FN:74,(anonymous_3)
FN:92,(anonymous_4)
FN:111,(anonymous_5)
FN:130,(anonymous_6)
FN:150,(anonymous_7)
FN:170,(anonymous_8)
FN:207,(anonymous_9)
FN:234,(anonymous_10)
FN:256,(anonymous_11)
FN:283,(anonymous_12)
FN:306,(anonymous_13)
FN:346,(anonymous_14)
FN:373,(anonymous_15)
FN:400,(anonymous_16)
FN:423,(anonymous_17)
FN:466,(anonymous_18)
FN:493,(anonymous_19)
FN:522,(anonymous_20)
FN:549,(anonymous_21)
FN:572,(anonymous_22)
FN:608,(anonymous_23)
FN:635,(anonymous_24)
FN:662,(anonymous_25)
FN:685,(anonymous_26)
FN:715,(anonymous_27)
FN:739,(anonymous_28)
FN:778,(anonymous_29)
FN:790,(anonymous_30)
FN:817,(anonymous_31)
FN:844,(anonymous_32)
FN:874,(anonymous_33)
FNF:34
FNH:0
FNDA:0,(anonymous_0)
FNDA:0,(anonymous_1)
FNDA:0,(anonymous_2)
FNDA:0,(anonymous_3)
FNDA:0,(anonymous_4)
FNDA:0,(anonymous_5)
FNDA:0,(anonymous_6)
FNDA:0,(anonymous_7)
FNDA:0,(anonymous_8)
FNDA:0,(anonymous_9)
FNDA:0,(anonymous_10)
FNDA:0,(anonymous_11)
FNDA:0,(anonymous_12)
FNDA:0,(anonymous_13)
FNDA:0,(anonymous_14)
FNDA:0,(anonymous_15)
FNDA:0,(anonymous_16)
FNDA:0,(anonymous_17)
FNDA:0,(anonymous_18)
FNDA:0,(anonymous_19)
FNDA:0,(anonymous_20)
FNDA:0,(anonymous_21)
FNDA:0,(anonymous_22)
FNDA:0,(anonymous_23)
FNDA:0,(anonymous_24)
FNDA:0,(anonymous_25)
FNDA:0,(anonymous_26)
FNDA:0,(anonymous_27)
FNDA:0,(anonymous_28)
FNDA:0,(anonymous_29)
FNDA:0,(anonymous_30)
FNDA:0,(anonymous_31)
FNDA:0,(anonymous_32)
FNDA:0,(anonymous_33)
DA:1,24
DA:18,0
DA:19,0
DA:20,0
DA:31,0
DA:32,0
DA:35,0
DA:41,0
DA:42,0
DA:49,0
DA:50,0
DA:51,0
DA:56,0
DA:57,0
DA:60,0
DA:66,0
DA:67,0
DA:74,0
DA:75,0
DA:76,0
DA:78,0
DA:79,0
DA:82,0
DA:84,0
DA:85,0
DA:92,0
DA:93,0
DA:94,0
DA:96,0
DA:97,0
DA:98,0
DA:101,0
DA:103,0
DA:104,0
DA:111,0
DA:112,0
DA:113,0
DA:115,0
DA:116,0
DA:117,0
DA:120,0
DA:122,0
DA:123,0
DA:130,0
DA:131,0
DA:132,0
DA:136,0
DA:137,0
DA:140,0
DA:142,0
DA:143,0
DA:150,0
DA:151,0
DA:152,0
DA:156,0
DA:157,0
DA:160,0
DA:162,0
DA:163,0
DA:170,0
DA:171,0
DA:172,0
DA:176,0
DA:177,0
DA:180,0
DA:182,0
DA:183,0
DA:203,0
DA:208,0
DA:209,0
DA:210,0
DA:211,0
DA:214,0
DA:220,0
DA:221,0
DA:224,0
DA:226,0
DA:227,0
DA:235,0
DA:236,0
DA:242,0
DA:243,0
DA:246,0
DA:248,0
DA:249,0
DA:257,0
DA:258,0
DA:259,0
DA:260,0
DA:263,0
DA:269,0
DA:270,0
DA:273,0
DA:275,0
DA:276,0
DA:284,0
DA:285,0
DA:292,0
DA:293,0
DA:296,0
DA:298,0
DA:299,0
DA:307,0
DA:308,0
DA:313,0
DA:314,0
DA:317,0
DA:319,0
DA:320,0
DA:342,0
DA:347,0
DA:348,0
DA:349,0
DA:350,0
DA:353,0
DA:359,0
DA:360,0
DA:363,0
DA:365,0
DA:366,0
DA:374,0
DA:375,0
DA:376,0
DA:377,0
DA:380,0
DA:386,0
DA:387,0
DA:390,0
DA:392,0
DA:393,0
DA:401,0
DA:402,0
DA:409,0
DA:410,0
DA:413,0
DA:415,0
DA:416,0
DA:424,0
DA:425,0
DA:430,0
DA:431,0
DA:434,0
DA:436,0
DA:437,0
DA:462,0
DA:467,0
DA:468,0
DA:469,0
DA:470,0
DA:473,0
DA:479,0
DA:480,0
DA:483,0
DA:485,0
DA:486,0
DA:494,0
DA:495,0
DA:496,0
DA:497,0
DA:500,0
DA:508,0
DA:509,0
DA:512,0
DA:514,0
DA:515,0
DA:523,0
DA:524,0
DA:525,0
DA:526,0
DA:529,0
DA:535,0
DA:536,0
DA:539,0
DA:541,0
DA:542,0
DA:550,0
DA:551,0
DA:558,0
DA:559,0
DA:562,0
DA:564,0
DA:565,0
DA:573,0
DA:574,0
DA:579,0
DA:580,0
DA:583,0
DA:585,0
DA:586,0
DA:604,0
DA:609,0
DA:610,0
DA:611,0
DA:612,0
DA:615,0
DA:621,0
DA:622,0
DA:625,0
DA:627,0
DA:628,0
DA:636,0
DA:637,0
DA:638,0
DA:639,0
DA:642,0
DA:648,0
DA:649,0
DA:652,0
DA:654,0
DA:655,0
DA:663,0
DA:664,0
DA:671,0
DA:672,0
DA:675,0
DA:677,0
DA:678,0
DA:686,0
DA:687,0
DA:692,0
DA:693,0
DA:696,0
DA:698,0
DA:699,0
DA:708,0
DA:716,0
DA:718,0
DA:719,0
DA:720,0
DA:724,0
DA:725,0
DA:726,0
DA:730,0
DA:731,0
DA:734,0
DA:738,0
DA:739,0
DA:740,0
DA:744,0
DA:751,0
DA:752,0
DA:753,0
DA:757,0
DA:762,0
DA:766,0
DA:768,0
DA:769,0
DA:779,0
DA:781,0
DA:785,0
DA:786,0
DA:789,0
DA:790,0
DA:791,0
DA:795,0
DA:796,0
DA:801,0
DA:805,0
DA:807,0
DA:808,0
DA:818,0
DA:819,0
DA:823,0
DA:824,0
DA:827,0
DA:830,0
DA:832,0
DA:833,0
DA:845,0
DA:846,0
DA:853,0
DA:854,0
DA:857,0
DA:861,0
DA:863,0
DA:864,0
DA:875,0
DA:876,0
DA:880,0
DA:881,0
DA:884,0
DA:886,0
DA:887,0
DA:893,0
LF:284
LH:1
BRDA:31,0,0,0
BRDA:31,0,1,0
BRDA:56,1,0,0
BRDA:56,1,1,0
BRDA:78,2,0,0
BRDA:78,2,1,0
BRDA:96,3,0,0
BRDA:96,3,1,0
BRDA:115,4,0,0
BRDA:115,4,1,0
BRDA:136,5,0,0
BRDA:136,5,1,0
BRDA:156,6,0,0
BRDA:156,6,1,0
BRDA:176,7,0,0
BRDA:176,7,1,0
BRDA:210,8,0,0
BRDA:210,8,1,0
BRDA:220,9,0,0
BRDA:220,9,1,0
BRDA:242,10,0,0
BRDA:242,10,1,0
BRDA:259,11,0,0
BRDA:259,11,1,0
BRDA:269,12,0,0
BRDA:269,12,1,0
BRDA:292,13,0,0
BRDA:292,13,1,0
BRDA:313,14,0,0
BRDA:313,14,1,0
BRDA:349,15,0,0
BRDA:349,15,1,0
BRDA:359,16,0,0
BRDA:359,16,1,0
BRDA:376,17,0,0
BRDA:376,17,1,0
BRDA:386,18,0,0
BRDA:386,18,1,0
BRDA:409,19,0,0
BRDA:409,19,1,0
BRDA:430,20,0,0
BRDA:430,20,1,0
BRDA:469,21,0,0
BRDA:469,21,1,0
BRDA:479,22,0,0
BRDA:479,22,1,0
BRDA:496,23,0,0
BRDA:496,23,1,0
BRDA:508,24,0,0
BRDA:508,24,1,0
BRDA:525,25,0,0
BRDA:525,25,1,0
BRDA:535,26,0,0
BRDA:535,26,1,0
BRDA:558,27,0,0
BRDA:558,27,1,0
BRDA:579,28,0,0
BRDA:579,28,1,0
BRDA:611,29,0,0
BRDA:611,29,1,0
BRDA:621,30,0,0
BRDA:621,30,1,0
BRDA:638,31,0,0
BRDA:638,31,1,0
BRDA:648,32,0,0
BRDA:648,32,1,0
BRDA:671,33,0,0
BRDA:671,33,1,0
BRDA:692,34,0,0
BRDA:692,34,1,0
BRDA:719,35,0,0
BRDA:719,35,1,0
BRDA:725,36,0,0
BRDA:725,36,1,0
BRDA:738,37,0,0
BRDA:738,37,1,0
BRDA:738,38,0,0
BRDA:738,38,1,0
BRDA:751,39,0,0
BRDA:751,39,1,0
BRDA:785,40,0,0
BRDA:785,40,1,0
BRDA:789,41,0,0
BRDA:789,41,1,0
BRDA:789,42,0,0
BRDA:789,42,1,0
BRDA:795,43,0,0
BRDA:795,43,1,0
BRDA:823,44,0,0
BRDA:823,44,1,0
BRDA:823,45,0,0
BRDA:823,45,1,0
BRDA:853,46,0,0
BRDA:853,46,1,0
BRDA:880,47,0,0
BRDA:880,47,1,0
BRF:96
BRH:0
end_of_record
